[ 2025-07-16 00:12:58,672 ] 160 numexpr.utils - INFO - NumExpr defaulting to 8 threads.
[ 2025-07-16 00:13:05,489 ] 20 root - INFO - Data ingestion started...
[ 2025-07-16 00:13:14,484 ] 74 root - INFO - Performed train test split on the dataframe...
[ 2025-07-16 00:13:14,484 ] 75 root - INFO - Train set shape: (31682, 77)
[ 2025-07-16 00:13:14,485 ] 76 root - INFO - Test set shape: (7921, 77)
[ 2025-07-16 00:13:14,485 ] 80 root - INFO - Exporting train and test file path...
[ 2025-07-16 00:13:15,127 ] 87 root - INFO - Exported train and test file path.
[ 2025-07-16 00:13:15,127 ] 22 root - INFO - Data ingestion completed
[ 2025-07-16 00:13:15,127 ] 27 root - INFO - Data validation started...
[ 2025-07-16 00:13:15,488 ] 46 root - INFO - Required number of columns: 2
[ 2025-07-16 00:13:15,488 ] 47 root - INFO - Data frame has columns: 77
[ 2025-07-16 00:13:15,488 ] 46 root - INFO - Required number of columns: 2
[ 2025-07-16 00:13:15,488 ] 47 root - INFO - Data frame has columns: 77
[ 2025-07-16 00:13:17,205 ] 29 root - INFO - Data validation completed
[ 2025-07-16 00:13:17,205 ] 34 root - INFO - Data transformation started...
[ 2025-07-16 00:13:17,205 ] 55 root - INFO - Entered initiate_data_transformation method of DataTransformation class
[ 2025-07-16 00:13:17,205 ] 57 root - INFO - Starting data transformation...
[ 2025-07-16 00:13:17,653 ] 65 root - INFO - Entered the save_object method of MainUtils class
[ 2025-07-16 00:13:17,653 ] 69 root - INFO - Exited the save_object method of MainUtils class
[ 2025-07-16 00:13:17,807 ] 45 root - INFO - Entered get_data_transformer_object method of Transformation class
[ 2025-07-16 00:13:17,807 ] 48 root - INFO - Initialise KNNImputer with {'missing_values': nan, 'n_neighbors': 3, 'weights': 'uniform'}
[ 2025-07-16 00:13:18,031 ] 65 root - INFO - Entered the save_object method of MainUtils class
[ 2025-07-16 00:13:18,088 ] 69 root - INFO - Exited the save_object method of MainUtils class
[ 2025-07-16 00:13:18,088 ] 65 root - INFO - Entered the save_object method of MainUtils class
[ 2025-07-16 00:13:18,132 ] 69 root - INFO - Exited the save_object method of MainUtils class
[ 2025-07-16 00:13:18,132 ] 36 root - INFO - Data transformation completed
[ 2025-07-16 00:13:18,132 ] 39 root - INFO - Model training started...
[ 2025-07-16 00:13:18,163 ] 176 root - INFO - Normalizing the data started...
[ 2025-07-16 00:13:18,197 ] 180 root - INFO - Normalization of data completed successfully.
