[ 2025-07-17 10:22:20,155 ] 20 root - INFO - Data ingestion started...
[ 2025-07-17 10:22:24,274 ] 96 pymongo.serverSelection - INFO - {"message": "Waiting for suitable server to become available", "selector": "Primary()", "operation": "find", "topologyDescription": "<TopologyDescription id: 6878b2c08c6e9ba24c7e75d9, topology_type: ReplicaSetNoPrimary, servers: [<ServerDescription ('ac-4xwvsju-shard-00-00.jf4afae.mongodb.net', 27017) server_type: Unknown, rtt: None>, <ServerDescription ('ac-4xwvsju-shard-00-01.jf4afae.mongodb.net', 27017) server_type: Unknown, rtt: None>, <ServerDescription ('ac-4xwvsju-shard-00-02.jf4afae.mongodb.net', 27017) server_type: Unknown, rtt: None>]>", "clientId": {"$oid": "6878b2c08c6e9ba24c7e75d9"}, "remainingTimeMS": 30}
[ 2025-07-17 10:22:28,555 ] 74 root - INFO - Performed train test split on the dataframe...
[ 2025-07-17 10:22:28,555 ] 75 root - INFO - Train set shape: (31682, 77)
[ 2025-07-17 10:22:28,555 ] 76 root - INFO - Test set shape: (7921, 77)
[ 2025-07-17 10:22:28,556 ] 80 root - INFO - Exporting train and test file path...
[ 2025-07-17 10:22:29,188 ] 87 root - INFO - Exported train and test file path.
[ 2025-07-17 10:22:29,188 ] 22 root - INFO - Data ingestion completed
[ 2025-07-17 10:22:29,203 ] 27 root - INFO - Data validation started...
[ 2025-07-17 10:22:29,414 ] 46 root - INFO - Required number of columns: 2
[ 2025-07-17 10:22:29,414 ] 47 root - INFO - Data frame has columns: 77
[ 2025-07-17 10:22:29,414 ] 46 root - INFO - Required number of columns: 2
[ 2025-07-17 10:22:29,414 ] 47 root - INFO - Data frame has columns: 77
[ 2025-07-17 10:22:30,581 ] 29 root - INFO - Data validation completed
[ 2025-07-17 10:22:30,581 ] 34 root - INFO - Data transformation started...
[ 2025-07-17 10:22:30,581 ] 55 root - INFO - Entered initiate_data_transformation method of DataTransformation class
[ 2025-07-17 10:22:30,581 ] 57 root - INFO - Starting data transformation...
[ 2025-07-17 10:22:30,776 ] 65 root - INFO - Entered the save_object method of MainUtils class
[ 2025-07-17 10:22:30,776 ] 69 root - INFO - Exited the save_object method of MainUtils class
[ 2025-07-17 10:22:30,839 ] 45 root - INFO - Entered get_data_transformer_object method of Transformation class
[ 2025-07-17 10:22:30,839 ] 48 root - INFO - Initialise KNNImputer with {'missing_values': nan, 'n_neighbors': 3, 'weights': 'uniform'}
[ 2025-07-17 10:22:30,965 ] 65 root - INFO - Entered the save_object method of MainUtils class
[ 2025-07-17 10:22:31,006 ] 69 root - INFO - Exited the save_object method of MainUtils class
[ 2025-07-17 10:22:31,006 ] 65 root - INFO - Entered the save_object method of MainUtils class
[ 2025-07-17 10:22:31,037 ] 69 root - INFO - Exited the save_object method of MainUtils class
[ 2025-07-17 10:22:31,045 ] 36 root - INFO - Data transformation completed
[ 2025-07-17 10:22:31,045 ] 39 root - INFO - Model training started...
[ 2025-07-17 10:22:31,045 ] 236 root - INFO - Normalizing the data started...
[ 2025-07-17 10:22:31,078 ] 240 root - INFO - Normalization of data completed successfully.
[ 2025-07-17 10:22:31,082 ] 248 root - INFO - X_train: (31682, 76), y_train: (31682,), X_test: (7921, 76), y_test: (7921,)
[ 2025-07-17 10:22:31,082 ] 251 root - INFO - Training the model stated...
[ 2025-07-17 10:22:31,082 ] 182 root - INFO - Evaluating models...
[ 2025-07-17 10:22:31,082 ] 109 root - INFO - Starting GridSearch for model: Random Forest
[ 2025-07-17 10:22:58,350 ] 118 root - INFO - Random Forest - Best params: {'n_estimators': 256}
[ 2025-07-17 10:22:59,193 ] 127 root - INFO - Random Forest - Train F1 score: 1.0000, Test F1 score: 0.9136
[ 2025-07-17 10:22:59,193 ] 109 root - INFO - Starting GridSearch for model: Decision Tree
[ 2025-07-17 10:22:59,859 ] 118 root - INFO - Decision Tree - Best params: {'criterion': 'entropy'}
[ 2025-07-17 10:22:59,890 ] 127 root - INFO - Decision Tree - Train F1 score: 1.0000, Test F1 score: 0.9847
[ 2025-07-17 10:22:59,890 ] 109 root - INFO - Starting GridSearch for model: Gradient Boosting
[ 2025-07-17 10:26:34,988 ] 118 root - INFO - Gradient Boosting - Best params: {'learning_rate': 0.1, 'n_estimators': 256, 'subsample': 0.9}
[ 2025-07-17 10:26:35,100 ] 127 root - INFO - Gradient Boosting - Train F1 score: 1.0000, Test F1 score: 0.9922
[ 2025-07-17 10:26:35,100 ] 109 root - INFO - Starting GridSearch for model: Logistic Regression
[ 2025-07-17 10:26:36,330 ] 118 root - INFO - Logistic Regression - Best params: {}
[ 2025-07-17 10:26:36,355 ] 127 root - INFO - Logistic Regression - Train F1 score: 0.1679, Test F1 score: 0.1089
[ 2025-07-17 10:26:36,355 ] 109 root - INFO - Starting GridSearch for model: AdaBoost
[ 2025-07-17 10:27:47,753 ] 118 root - INFO - AdaBoost - Best params: {'learning_rate': 0.1, 'n_estimators': 256}
[ 2025-07-17 10:27:49,951 ] 127 root - INFO - AdaBoost - Train F1 score: 0.9857, Test F1 score: 0.9738
[ 2025-07-17 10:27:49,951 ] 109 root - INFO - Starting GridSearch for model: Neural Network
[ 2025-07-17 10:27:57,211 ] 134 root - ERROR - Model 'Neural Network' failed: Could not interpret metric identifier: loss
[ 2025-07-17 10:27:57,373 ] 23 root - INFO - F1 Score: 1.0, Precision Score: 1.0, Recall Score: 1.0, Accuracy Score: 1.0, Confusion Matrix: [[30943     0]
 [    0   739]], 
Classification Report:               precision    recall  f1-score   support

         0.0       1.00      1.00      1.00     30943
         1.0       1.00      1.00      1.00       739

    accuracy                           1.00     31682
   macro avg       1.00      1.00      1.00     31682
weighted avg       1.00      1.00      1.00     31682

[ 2025-07-17 10:28:04,575 ] 23 root - INFO - F1 Score: 0.9922480620155039, Precision Score: 0.9948186528497409, Recall Score: 0.9896907216494846, Accuracy Score: 0.9996212599419265, Confusion Matrix: [[7726    1]
 [   2  192]], 
Classification Report:               precision    recall  f1-score   support

         0.0       1.00      1.00      1.00      7727
         1.0       0.99      0.99      0.99       194

    accuracy                           1.00      7921
   macro avg       1.00      0.99      1.00      7921
weighted avg       1.00      1.00      1.00      7921

[ 2025-07-17 10:28:11,086 ] 65 root - INFO - Entered the save_object method of MainUtils class
[ 2025-07-17 10:28:11,115 ] 69 root - INFO - Exited the save_object method of MainUtils class
[ 2025-07-17 10:28:11,115 ] 65 root - INFO - Entered the save_object method of MainUtils class
[ 2025-07-17 10:28:11,123 ] 69 root - INFO - Exited the save_object method of MainUtils class
[ 2025-07-17 10:28:11,123 ] 223 root - INFO - Model trainer artifact: ModelTrainerArtifact(trained_model_file_path='Artifacts\\07_17_2025_10_22_15\\model_trainer\\trained_model\\model.pkl', train_metric_artifact=ClassificationMetricArtifact(f1_score=1.0, precision_score=1.0, recall_score=1.0, accuracy_score=1.0, confusion_matrix=array([[30943,     0],
       [    0,   739]], dtype=int64), classification_report='              precision    recall  f1-score   support\n\n         0.0       1.00      1.00      1.00     30943\n         1.0       1.00      1.00      1.00       739\n\n    accuracy                           1.00     31682\n   macro avg       1.00      1.00      1.00     31682\nweighted avg       1.00      1.00      1.00     31682\n'), test_metric_artifact=ClassificationMetricArtifact(f1_score=0.9922480620155039, precision_score=0.9948186528497409, recall_score=0.9896907216494846, accuracy_score=0.9996212599419265, confusion_matrix=array([[7726,    1],
       [   2,  192]], dtype=int64), classification_report='              precision    recall  f1-score   support\n\n         0.0       1.00      1.00      1.00      7727\n         1.0       0.99      0.99      0.99       194\n\n    accuracy                           1.00      7921\n   macro avg       1.00      0.99      1.00      7921\nweighted avg       1.00      1.00      1.00      7921\n'))
[ 2025-07-17 10:28:11,123 ] 253 root - INFO - Training the model completed successfully.
[ 2025-07-17 10:28:11,130 ] 43 root - INFO - Model training completed!
