[ 2025-07-16 17:24:48,073 ] 20 root - INFO - Data ingestion started...
[ 2025-07-16 17:24:52,172 ] 96 pymongo.serverSelection - INFO - {"message": "Waiting for suitable server to become available", "selector": "Primary()", "operation": "find", "topologyDescription": "<TopologyDescription id: 6877c444401a0ecf6bc6eacd, topology_type: ReplicaSetNoPrimary, servers: [<ServerDescription ('ac-4xwvsju-shard-00-00.jf4afae.mongodb.net', 27017) server_type: Unknown, rtt: None>, <ServerDescription ('ac-4xwvsju-shard-00-01.jf4afae.mongodb.net', 27017) server_type: Unknown, rtt: None>, <ServerDescription ('ac-4xwvsju-shard-00-02.jf4afae.mongodb.net', 27017) server_type: Unknown, rtt: None>]>", "clientId": {"$oid": "6877c444401a0ecf6bc6eacd"}, "remainingTimeMS": 30}
[ 2025-07-16 17:24:56,579 ] 74 root - INFO - Performed train test split on the dataframe...
[ 2025-07-16 17:24:56,579 ] 75 root - INFO - Train set shape: (31682, 77)
[ 2025-07-16 17:24:56,579 ] 76 root - INFO - Test set shape: (7921, 77)
[ 2025-07-16 17:24:56,579 ] 80 root - INFO - Exporting train and test file path...
[ 2025-07-16 17:24:57,264 ] 87 root - INFO - Exported train and test file path.
[ 2025-07-16 17:24:57,264 ] 22 root - INFO - Data ingestion completed
[ 2025-07-16 17:24:57,276 ] 27 root - INFO - Data validation started...
[ 2025-07-16 17:24:57,477 ] 46 root - INFO - Required number of columns: 2
[ 2025-07-16 17:24:57,477 ] 47 root - INFO - Data frame has columns: 77
[ 2025-07-16 17:24:57,477 ] 46 root - INFO - Required number of columns: 2
[ 2025-07-16 17:24:57,477 ] 47 root - INFO - Data frame has columns: 77
[ 2025-07-16 17:24:58,654 ] 29 root - INFO - Data validation completed
[ 2025-07-16 17:24:58,654 ] 34 root - INFO - Data transformation started...
[ 2025-07-16 17:24:58,654 ] 55 root - INFO - Entered initiate_data_transformation method of DataTransformation class
[ 2025-07-16 17:24:58,654 ] 57 root - INFO - Starting data transformation...
[ 2025-07-16 17:24:58,874 ] 65 root - INFO - Entered the save_object method of MainUtils class
[ 2025-07-16 17:24:58,874 ] 69 root - INFO - Exited the save_object method of MainUtils class
[ 2025-07-16 17:24:58,917 ] 45 root - INFO - Entered get_data_transformer_object method of Transformation class
[ 2025-07-16 17:24:58,917 ] 48 root - INFO - Initialise KNNImputer with {'missing_values': nan, 'n_neighbors': 3, 'weights': 'uniform'}
[ 2025-07-16 17:24:59,061 ] 65 root - INFO - Entered the save_object method of MainUtils class
[ 2025-07-16 17:24:59,086 ] 69 root - INFO - Exited the save_object method of MainUtils class
[ 2025-07-16 17:24:59,086 ] 65 root - INFO - Entered the save_object method of MainUtils class
[ 2025-07-16 17:24:59,109 ] 69 root - INFO - Exited the save_object method of MainUtils class
[ 2025-07-16 17:24:59,109 ] 36 root - INFO - Data transformation completed
[ 2025-07-16 17:24:59,109 ] 39 root - INFO - Model training started...
[ 2025-07-16 17:24:59,128 ] 224 root - INFO - Normalizing the data started...
[ 2025-07-16 17:24:59,147 ] 228 root - INFO - Normalization of data completed successfully.
[ 2025-07-16 17:24:59,152 ] 236 root - INFO - X_train: (31682, 76), y_train: (31682,), X_test: (7921, 76), y_test: (7921,)
[ 2025-07-16 17:24:59,152 ] 239 root - INFO - Training the model stated...
