[ 2025-07-16 16:16:02,502 ] 20 root - INFO - Data ingestion started...
[ 2025-07-16 16:16:06,608 ] 96 pymongo.serverSelection - INFO - {"message": "Waiting for suitable server to become available", "selector": "Primary()", "operation": "find", "topologyDescription": "<TopologyDescription id: 6877b4262c0548eae7639853, topology_type: ReplicaSetNoPrimary, servers: [<ServerDescription ('ac-4xwvsju-shard-00-00.jf4afae.mongodb.net', 27017) server_type: Unknown, rtt: None>, <ServerDescription ('ac-4xwvsju-shard-00-01.jf4afae.mongodb.net', 27017) server_type: Unknown, rtt: None>, <ServerDescription ('ac-4xwvsju-shard-00-02.jf4afae.mongodb.net', 27017) server_type: Unknown, rtt: None>]>", "clientId": {"$oid": "6877b4262c0548eae7639853"}, "remainingTimeMS": 30}
[ 2025-07-16 16:16:10,844 ] 74 root - INFO - Performed train test split on the dataframe...
[ 2025-07-16 16:16:10,844 ] 75 root - INFO - Train set shape: (31682, 77)
[ 2025-07-16 16:16:10,844 ] 76 root - INFO - Test set shape: (7921, 77)
[ 2025-07-16 16:16:10,845 ] 80 root - INFO - Exporting train and test file path...
[ 2025-07-16 16:16:11,482 ] 87 root - INFO - Exported train and test file path.
[ 2025-07-16 16:16:11,482 ] 22 root - INFO - Data ingestion completed
[ 2025-07-16 16:16:11,489 ] 27 root - INFO - Data validation started...
[ 2025-07-16 16:16:11,727 ] 46 root - INFO - Required number of columns: 2
[ 2025-07-16 16:16:11,727 ] 47 root - INFO - Data frame has columns: 77
[ 2025-07-16 16:16:11,727 ] 46 root - INFO - Required number of columns: 2
[ 2025-07-16 16:16:11,727 ] 47 root - INFO - Data frame has columns: 77
[ 2025-07-16 16:16:13,018 ] 29 root - INFO - Data validation completed
[ 2025-07-16 16:16:13,018 ] 34 root - INFO - Data transformation started...
[ 2025-07-16 16:16:13,018 ] 55 root - INFO - Entered initiate_data_transformation method of DataTransformation class
[ 2025-07-16 16:16:13,018 ] 57 root - INFO - Starting data transformation...
[ 2025-07-16 16:16:13,242 ] 65 root - INFO - Entered the save_object method of MainUtils class
[ 2025-07-16 16:16:13,242 ] 69 root - INFO - Exited the save_object method of MainUtils class
[ 2025-07-16 16:16:13,304 ] 45 root - INFO - Entered get_data_transformer_object method of Transformation class
[ 2025-07-16 16:16:13,304 ] 48 root - INFO - Initialise KNNImputer with {'missing_values': nan, 'n_neighbors': 3, 'weights': 'uniform'}
[ 2025-07-16 16:16:13,460 ] 65 root - INFO - Entered the save_object method of MainUtils class
[ 2025-07-16 16:16:13,477 ] 69 root - INFO - Exited the save_object method of MainUtils class
[ 2025-07-16 16:16:13,477 ] 65 root - INFO - Entered the save_object method of MainUtils class
[ 2025-07-16 16:16:13,501 ] 69 root - INFO - Exited the save_object method of MainUtils class
[ 2025-07-16 16:16:13,501 ] 36 root - INFO - Data transformation completed
[ 2025-07-16 16:16:13,501 ] 39 root - INFO - Model training started...
[ 2025-07-16 16:16:13,517 ] 212 root - INFO - Normalizing the data started...
[ 2025-07-16 16:16:13,544 ] 216 root - INFO - Normalization of data completed successfully.
[ 2025-07-16 16:16:13,553 ] 224 root - INFO - X_train: (31682, 76), y_train: (31682,), X_test: (7921, 76), y_test: (7921,)
[ 2025-07-16 16:16:13,557 ] 227 root - INFO - Training the model stated...
