[ 2025-07-16 18:50:53,825 ] 20 root - INFO - Data ingestion started...
[ 2025-07-16 18:50:57,948 ] 96 pymongo.serverSelection - INFO - {"message": "Waiting for suitable server to become available", "selector": "Primary()", "operation": "find", "topologyDescription": "<TopologyDescription id: 6877d871dd0a9041cc2f8e01, topology_type: ReplicaSetNoPrimary, servers: [<ServerDescription ('ac-4xwvsju-shard-00-00.jf4afae.mongodb.net', 27017) server_type: Unknown, rtt: None>, <ServerDescription ('ac-4xwvsju-shard-00-01.jf4afae.mongodb.net', 27017) server_type: Unknown, rtt: None>, <ServerDescription ('ac-4xwvsju-shard-00-02.jf4afae.mongodb.net', 27017) server_type: Unknown, rtt: None>]>", "clientId": {"$oid": "6877d871dd0a9041cc2f8e01"}, "remainingTimeMS": 30}
[ 2025-07-16 18:51:02,177 ] 74 root - INFO - Performed train test split on the dataframe...
[ 2025-07-16 18:51:02,177 ] 75 root - INFO - Train set shape: (31682, 77)
[ 2025-07-16 18:51:02,178 ] 76 root - INFO - Test set shape: (7921, 77)
[ 2025-07-16 18:51:02,178 ] 80 root - INFO - Exporting train and test file path...
[ 2025-07-16 18:51:02,745 ] 87 root - INFO - Exported train and test file path.
[ 2025-07-16 18:51:02,745 ] 22 root - INFO - Data ingestion completed
[ 2025-07-16 18:51:02,763 ] 27 root - INFO - Data validation started...
[ 2025-07-16 18:51:02,971 ] 46 root - INFO - Required number of columns: 2
[ 2025-07-16 18:51:02,971 ] 47 root - INFO - Data frame has columns: 77
[ 2025-07-16 18:51:02,971 ] 46 root - INFO - Required number of columns: 2
[ 2025-07-16 18:51:02,971 ] 47 root - INFO - Data frame has columns: 77
[ 2025-07-16 18:51:04,092 ] 29 root - INFO - Data validation completed
[ 2025-07-16 18:51:04,092 ] 34 root - INFO - Data transformation started...
[ 2025-07-16 18:51:04,092 ] 55 root - INFO - Entered initiate_data_transformation method of DataTransformation class
[ 2025-07-16 18:51:04,092 ] 57 root - INFO - Starting data transformation...
[ 2025-07-16 18:51:04,283 ] 65 root - INFO - Entered the save_object method of MainUtils class
[ 2025-07-16 18:51:04,283 ] 69 root - INFO - Exited the save_object method of MainUtils class
[ 2025-07-16 18:51:04,347 ] 45 root - INFO - Entered get_data_transformer_object method of Transformation class
[ 2025-07-16 18:51:04,347 ] 48 root - INFO - Initialise KNNImputer with {'missing_values': nan, 'n_neighbors': 3, 'weights': 'uniform'}
[ 2025-07-16 18:51:04,489 ] 65 root - INFO - Entered the save_object method of MainUtils class
[ 2025-07-16 18:51:04,503 ] 69 root - INFO - Exited the save_object method of MainUtils class
[ 2025-07-16 18:51:04,503 ] 65 root - INFO - Entered the save_object method of MainUtils class
[ 2025-07-16 18:51:04,520 ] 69 root - INFO - Exited the save_object method of MainUtils class
[ 2025-07-16 18:51:04,524 ] 36 root - INFO - Data transformation completed
[ 2025-07-16 18:51:04,524 ] 39 root - INFO - Model training started...
[ 2025-07-16 18:51:04,532 ] 248 root - INFO - Normalizing the data started...
[ 2025-07-16 18:51:04,555 ] 252 root - INFO - Normalization of data completed successfully.
[ 2025-07-16 18:51:04,561 ] 260 root - INFO - X_train: (31682, 76), y_train: (31682,), X_test: (7921, 76), y_test: (7921,)
[ 2025-07-16 18:51:04,561 ] 263 root - INFO - Training the model stated...
