[ 2025-07-16 14:31:12,605 ] 20 root - INFO - Data ingestion started...
[ 2025-07-16 14:31:16,691 ] 96 pymongo.serverSelection - INFO - {"message": "Waiting for suitable server to become available", "selector": "Primary()", "operation": "find", "topologyDescription": "<TopologyDescription id: 68779b947f423b886e77a6e9, topology_type: ReplicaSetNoPrimary, servers: [<ServerDescription ('ac-4xwvsju-shard-00-00.jf4afae.mongodb.net', 27017) server_type: Unknown, rtt: None>, <ServerDescription ('ac-4xwvsju-shard-00-01.jf4afae.mongodb.net', 27017) server_type: Unknown, rtt: None>, <ServerDescription ('ac-4xwvsju-shard-00-02.jf4afae.mongodb.net', 27017) server_type: Unknown, rtt: None>]>", "clientId": {"$oid": "68779b947f423b886e77a6e9"}, "remainingTimeMS": 30}
[ 2025-07-16 14:31:20,855 ] 74 root - INFO - Performed train test split on the dataframe...
[ 2025-07-16 14:31:20,855 ] 75 root - INFO - Train set shape: (31682, 77)
[ 2025-07-16 14:31:20,855 ] 76 root - INFO - Test set shape: (7921, 77)
[ 2025-07-16 14:31:20,856 ] 80 root - INFO - Exporting train and test file path...
[ 2025-07-16 14:31:21,471 ] 87 root - INFO - Exported train and test file path.
[ 2025-07-16 14:31:21,471 ] 22 root - INFO - Data ingestion completed
[ 2025-07-16 14:31:21,496 ] 27 root - INFO - Data validation started...
[ 2025-07-16 14:31:21,713 ] 46 root - INFO - Required number of columns: 2
[ 2025-07-16 14:31:21,713 ] 47 root - INFO - Data frame has columns: 77
[ 2025-07-16 14:31:21,713 ] 46 root - INFO - Required number of columns: 2
[ 2025-07-16 14:31:21,713 ] 47 root - INFO - Data frame has columns: 77
[ 2025-07-16 14:31:22,920 ] 29 root - INFO - Data validation completed
[ 2025-07-16 14:31:22,920 ] 34 root - INFO - Data transformation started...
[ 2025-07-16 14:31:22,920 ] 55 root - INFO - Entered initiate_data_transformation method of DataTransformation class
[ 2025-07-16 14:31:22,920 ] 57 root - INFO - Starting data transformation...
[ 2025-07-16 14:31:23,089 ] 65 root - INFO - Entered the save_object method of MainUtils class
[ 2025-07-16 14:31:23,089 ] 69 root - INFO - Exited the save_object method of MainUtils class
[ 2025-07-16 14:31:23,141 ] 45 root - INFO - Entered get_data_transformer_object method of Transformation class
[ 2025-07-16 14:31:23,141 ] 48 root - INFO - Initialise KNNImputer with {'missing_values': nan, 'n_neighbors': 3, 'weights': 'uniform'}
[ 2025-07-16 14:31:23,280 ] 65 root - INFO - Entered the save_object method of MainUtils class
[ 2025-07-16 14:31:23,295 ] 69 root - INFO - Exited the save_object method of MainUtils class
[ 2025-07-16 14:31:23,295 ] 65 root - INFO - Entered the save_object method of MainUtils class
[ 2025-07-16 14:31:23,323 ] 69 root - INFO - Exited the save_object method of MainUtils class
[ 2025-07-16 14:31:23,327 ] 36 root - INFO - Data transformation completed
[ 2025-07-16 14:31:23,329 ] 39 root - INFO - Model training started...
[ 2025-07-16 14:31:23,337 ] 200 root - INFO - Normalizing the data started...
[ 2025-07-16 14:31:23,356 ] 204 root - INFO - Normalization of data completed successfully.
[ 2025-07-16 14:31:23,365 ] 212 root - INFO - X_train: (31682, 76), y_train: (31682,), X_test: (7921, 76), y_test: (7921,)
[ 2025-07-16 14:31:23,365 ] 215 root - INFO - Training the model stated...
