[ 2025-07-17 10:00:59,462 ] 20 root - INFO - Data ingestion started...
[ 2025-07-17 10:01:03,557 ] 96 pymongo.serverSelection - INFO - {"message": "Waiting for suitable server to become available", "selector": "Primary()", "operation": "find", "topologyDescription": "<TopologyDescription id: 6878adbfa1b7817caae25c05, topology_type: ReplicaSetNoPrimary, servers: [<ServerDescription ('ac-4xwvsju-shard-00-00.jf4afae.mongodb.net', 27017) server_type: Unknown, rtt: None>, <ServerDescription ('ac-4xwvsju-shard-00-01.jf4afae.mongodb.net', 27017) server_type: Unknown, rtt: None>, <ServerDescription ('ac-4xwvsju-shard-00-02.jf4afae.mongodb.net', 27017) server_type: Unknown, rtt: None>]>", "clientId": {"$oid": "6878adbfa1b7817caae25c05"}, "remainingTimeMS": 30}
[ 2025-07-17 10:01:07,843 ] 74 root - INFO - Performed train test split on the dataframe...
[ 2025-07-17 10:01:07,843 ] 75 root - INFO - Train set shape: (31682, 77)
[ 2025-07-17 10:01:07,843 ] 76 root - INFO - Test set shape: (7921, 77)
[ 2025-07-17 10:01:07,859 ] 80 root - INFO - Exporting train and test file path...
[ 2025-07-17 10:01:08,480 ] 87 root - INFO - Exported train and test file path.
[ 2025-07-17 10:01:08,480 ] 22 root - INFO - Data ingestion completed
[ 2025-07-17 10:01:08,497 ] 27 root - INFO - Data validation started...
[ 2025-07-17 10:01:08,774 ] 46 root - INFO - Required number of columns: 2
[ 2025-07-17 10:01:08,774 ] 47 root - INFO - Data frame has columns: 77
[ 2025-07-17 10:01:08,774 ] 46 root - INFO - Required number of columns: 2
[ 2025-07-17 10:01:08,774 ] 47 root - INFO - Data frame has columns: 77
[ 2025-07-17 10:01:09,909 ] 29 root - INFO - Data validation completed
[ 2025-07-17 10:01:09,909 ] 34 root - INFO - Data transformation started...
[ 2025-07-17 10:01:09,909 ] 55 root - INFO - Entered initiate_data_transformation method of DataTransformation class
[ 2025-07-17 10:01:09,909 ] 57 root - INFO - Starting data transformation...
[ 2025-07-17 10:01:10,074 ] 65 root - INFO - Entered the save_object method of MainUtils class
[ 2025-07-17 10:01:10,074 ] 69 root - INFO - Exited the save_object method of MainUtils class
[ 2025-07-17 10:01:10,122 ] 45 root - INFO - Entered get_data_transformer_object method of Transformation class
[ 2025-07-17 10:01:10,122 ] 48 root - INFO - Initialise KNNImputer with {'missing_values': nan, 'n_neighbors': 3, 'weights': 'uniform'}
[ 2025-07-17 10:01:10,276 ] 65 root - INFO - Entered the save_object method of MainUtils class
[ 2025-07-17 10:01:10,291 ] 69 root - INFO - Exited the save_object method of MainUtils class
[ 2025-07-17 10:01:10,291 ] 65 root - INFO - Entered the save_object method of MainUtils class
[ 2025-07-17 10:01:10,307 ] 69 root - INFO - Exited the save_object method of MainUtils class
[ 2025-07-17 10:01:10,307 ] 36 root - INFO - Data transformation completed
[ 2025-07-17 10:01:10,307 ] 39 root - INFO - Model training started...
[ 2025-07-17 10:01:10,307 ] 241 root - INFO - Normalizing the data started...
[ 2025-07-17 10:01:10,334 ] 245 root - INFO - Normalization of data completed successfully.
[ 2025-07-17 10:01:10,334 ] 253 root - INFO - X_train: (31682, 76), y_train: (31682,), X_test: (7921, 76), y_test: (7921,)
[ 2025-07-17 10:01:10,334 ] 256 root - INFO - Training the model stated...
[ 2025-07-17 10:01:10,350 ] 187 root - INFO - Evaluating models...
[ 2025-07-17 10:01:10,350 ] 109 root - INFO - Starting GridSearch for model: Random Forest
[ 2025-07-17 10:01:45,800 ] 118 root - INFO - Random Forest - Best params: {'n_estimators': 256}
[ 2025-07-17 10:01:47,746 ] 127 root - INFO - Random Forest - Train R2: 1.0000, Test R2: 0.8734
[ 2025-07-17 10:01:47,746 ] 109 root - INFO - Starting GridSearch for model: Decision Tree
[ 2025-07-17 10:01:49,078 ] 118 root - INFO - Decision Tree - Best params: {'criterion': 'entropy'}
[ 2025-07-17 10:01:49,093 ] 127 root - INFO - Decision Tree - Train R2: 1.0000, Test R2: 0.9670
[ 2025-07-17 10:01:49,093 ] 109 root - INFO - Starting GridSearch for model: Gradient Boosting
[ 2025-07-17 10:07:53,533 ] 118 root - INFO - Gradient Boosting - Best params: {'learning_rate': 0.1, 'n_estimators': 256, 'subsample': 0.6}
[ 2025-07-17 10:07:53,740 ] 127 root - INFO - Gradient Boosting - Train R2: 1.0000, Test R2: 0.9945
[ 2025-07-17 10:07:53,740 ] 109 root - INFO - Starting GridSearch for model: Logistic Regression
[ 2025-07-17 10:07:56,138 ] 118 root - INFO - Logistic Regression - Best params: {}
[ 2025-07-17 10:07:56,151 ] 127 root - INFO - Logistic Regression - Train R2: -0.1585, Test R2: -0.1011
[ 2025-07-17 10:07:56,151 ] 109 root - INFO - Starting GridSearch for model: AdaBoost
[ 2025-07-17 10:09:45,674 ] 118 root - INFO - AdaBoost - Best params: {'learning_rate': 0.1, 'n_estimators': 256}
[ 2025-07-17 10:09:49,812 ] 127 root - INFO - AdaBoost - Train R2: 0.9794, Test R2: 0.9504
[ 2025-07-17 10:09:49,812 ] 109 root - INFO - Starting GridSearch for model: Neural Network
[ 2025-07-17 10:09:58,705 ] 134 root - ERROR - Model 'Neural Network' failed: Could not interpret metric identifier: loss
[ 2025-07-17 10:09:58,855 ] 23 root - INFO - F1 Score: 1.0,Precision Score: 1.0,Recall Score: 1.0,Accuracy Score: 1.0,Confusion Matrix: [[30935     0]
 [    0   747]]
[ 2025-07-17 10:10:06,203 ] 23 root - INFO - F1 Score: 0.9973045822102425,Precision Score: 1.0,Recall Score: 0.9946236559139785,Accuracy Score: 0.9998737533139755,Confusion Matrix: [[7735    0]
 [   1  185]]
[ 2025-07-17 10:10:12,729 ] 65 root - INFO - Entered the save_object method of MainUtils class
[ 2025-07-17 10:10:12,763 ] 69 root - INFO - Exited the save_object method of MainUtils class
[ 2025-07-17 10:10:12,763 ] 65 root - INFO - Entered the save_object method of MainUtils class
[ 2025-07-17 10:10:12,771 ] 69 root - INFO - Exited the save_object method of MainUtils class
[ 2025-07-17 10:10:12,779 ] 228 root - INFO - Model trainer artifact: ModelTrainerArtifact(trained_model_file_path='Artifacts\\07_17_2025_10_00_54\\model_trainer\\trained_model\\model.pkl', train_metric_artifact=ClassificationMetricArtifact(f1_score=1.0, precision_score=1.0, recall_score=1.0, accuracy_score=1.0, confusion_matrix=array([[30935,     0],
       [    0,   747]], dtype=int64)), test_metric_artifact=ClassificationMetricArtifact(f1_score=0.9973045822102425, precision_score=1.0, recall_score=0.9946236559139785, accuracy_score=0.9998737533139755, confusion_matrix=array([[7735,    0],
       [   1,  185]], dtype=int64)))
[ 2025-07-17 10:10:12,780 ] 258 root - INFO - Training the model completed successfully.
[ 2025-07-17 10:10:12,788 ] 43 root - INFO - Model training completed!
