[ 2025-07-16 00:45:01,458 ] 160 numexpr.utils - INFO - NumExpr defaulting to 8 threads.
[ 2025-07-16 00:45:11,198 ] 20 root - INFO - Data ingestion started...
[ 2025-07-16 00:45:19,874 ] 74 root - INFO - Performed train test split on the dataframe...
[ 2025-07-16 00:45:19,874 ] 75 root - INFO - Train set shape: (31682, 77)
[ 2025-07-16 00:45:19,875 ] 76 root - INFO - Test set shape: (7921, 77)
[ 2025-07-16 00:45:19,880 ] 80 root - INFO - Exporting train and test file path...
[ 2025-07-16 00:45:20,635 ] 87 root - INFO - Exported train and test file path.
[ 2025-07-16 00:45:20,641 ] 22 root - INFO - Data ingestion completed
[ 2025-07-16 00:45:20,650 ] 27 root - INFO - Data validation started...
[ 2025-07-16 00:45:20,938 ] 46 root - INFO - Required number of columns: 2
[ 2025-07-16 00:45:20,938 ] 47 root - INFO - Data frame has columns: 77
[ 2025-07-16 00:45:20,938 ] 46 root - INFO - Required number of columns: 2
[ 2025-07-16 00:45:20,938 ] 47 root - INFO - Data frame has columns: 77
[ 2025-07-16 00:45:22,851 ] 29 root - INFO - Data validation completed
[ 2025-07-16 00:45:22,851 ] 34 root - INFO - Data transformation started...
[ 2025-07-16 00:45:22,851 ] 55 root - INFO - Entered initiate_data_transformation method of DataTransformation class
[ 2025-07-16 00:45:22,851 ] 57 root - INFO - Starting data transformation...
[ 2025-07-16 00:45:23,130 ] 65 root - INFO - Entered the save_object method of MainUtils class
[ 2025-07-16 00:45:23,146 ] 69 root - INFO - Exited the save_object method of MainUtils class
[ 2025-07-16 00:45:23,209 ] 45 root - INFO - Entered get_data_transformer_object method of Transformation class
[ 2025-07-16 00:45:23,209 ] 48 root - INFO - Initialise KNNImputer with {'missing_values': nan, 'n_neighbors': 3, 'weights': 'uniform'}
[ 2025-07-16 00:45:23,338 ] 65 root - INFO - Entered the save_object method of MainUtils class
[ 2025-07-16 00:45:23,366 ] 69 root - INFO - Exited the save_object method of MainUtils class
[ 2025-07-16 00:45:23,366 ] 65 root - INFO - Entered the save_object method of MainUtils class
[ 2025-07-16 00:45:23,400 ] 69 root - INFO - Exited the save_object method of MainUtils class
[ 2025-07-16 00:45:23,401 ] 36 root - INFO - Data transformation completed
[ 2025-07-16 00:45:23,401 ] 39 root - INFO - Model training started...
[ 2025-07-16 00:45:23,422 ] 178 root - INFO - Normalizing the data started...
[ 2025-07-16 00:45:23,453 ] 182 root - INFO - Normalization of data completed successfully.
[ 2025-07-16 00:45:23,477 ] 190 root - INFO - X_train: (31682, 76), y_train: (31682,), X_test: (7921, 76), y_test: (7921,)
[ 2025-07-16 00:45:23,477 ] 193 root - INFO - Training the model stated...
