[ 2025-07-16 16:36:52,160 ] 20 root - INFO - Data ingestion started...
[ 2025-07-16 16:36:56,291 ] 96 pymongo.serverSelection - INFO - {"message": "Waiting for suitable server to become available", "selector": "Primary()", "operation": "find", "topologyDescription": "<TopologyDescription id: 6877b9088c334d43d652e980, topology_type: ReplicaSetNoPrimary, servers: [<ServerDescription ('ac-4xwvsju-shard-00-00.jf4afae.mongodb.net', 27017) server_type: Unknown, rtt: None>, <ServerDescription ('ac-4xwvsju-shard-00-01.jf4afae.mongodb.net', 27017) server_type: Unknown, rtt: None>, <ServerDescription ('ac-4xwvsju-shard-00-02.jf4afae.mongodb.net', 27017) server_type: Unknown, rtt: None>]>", "clientId": {"$oid": "6877b9088c334d43d652e980"}, "remainingTimeMS": 30}
[ 2025-07-16 16:37:00,458 ] 74 root - INFO - Performed train test split on the dataframe...
[ 2025-07-16 16:37:00,458 ] 75 root - INFO - Train set shape: (31682, 77)
[ 2025-07-16 16:37:00,458 ] 76 root - INFO - Test set shape: (7921, 77)
[ 2025-07-16 16:37:00,458 ] 80 root - INFO - Exporting train and test file path...
[ 2025-07-16 16:37:01,158 ] 87 root - INFO - Exported train and test file path.
[ 2025-07-16 16:37:01,158 ] 22 root - INFO - Data ingestion completed
[ 2025-07-16 16:37:01,168 ] 27 root - INFO - Data validation started...
[ 2025-07-16 16:37:01,409 ] 46 root - INFO - Required number of columns: 2
[ 2025-07-16 16:37:01,409 ] 47 root - INFO - Data frame has columns: 77
[ 2025-07-16 16:37:01,409 ] 46 root - INFO - Required number of columns: 2
[ 2025-07-16 16:37:01,410 ] 47 root - INFO - Data frame has columns: 77
[ 2025-07-16 16:37:02,715 ] 29 root - INFO - Data validation completed
[ 2025-07-16 16:37:02,715 ] 34 root - INFO - Data transformation started...
[ 2025-07-16 16:37:02,715 ] 55 root - INFO - Entered initiate_data_transformation method of DataTransformation class
[ 2025-07-16 16:37:02,715 ] 57 root - INFO - Starting data transformation...
[ 2025-07-16 16:37:02,887 ] 65 root - INFO - Entered the save_object method of MainUtils class
[ 2025-07-16 16:37:02,887 ] 69 root - INFO - Exited the save_object method of MainUtils class
[ 2025-07-16 16:37:02,945 ] 45 root - INFO - Entered get_data_transformer_object method of Transformation class
[ 2025-07-16 16:37:02,945 ] 48 root - INFO - Initialise KNNImputer with {'missing_values': nan, 'n_neighbors': 3, 'weights': 'uniform'}
[ 2025-07-16 16:37:03,102 ] 65 root - INFO - Entered the save_object method of MainUtils class
[ 2025-07-16 16:37:03,120 ] 69 root - INFO - Exited the save_object method of MainUtils class
[ 2025-07-16 16:37:03,120 ] 65 root - INFO - Entered the save_object method of MainUtils class
[ 2025-07-16 16:37:03,136 ] 69 root - INFO - Exited the save_object method of MainUtils class
[ 2025-07-16 16:37:03,136 ] 36 root - INFO - Data transformation completed
[ 2025-07-16 16:37:03,136 ] 39 root - INFO - Model training started...
[ 2025-07-16 16:37:03,152 ] 215 root - INFO - Normalizing the data started...
[ 2025-07-16 16:37:03,177 ] 219 root - INFO - Normalization of data completed successfully.
[ 2025-07-16 16:37:03,180 ] 227 root - INFO - X_train: (31682, 76), y_train: (31682,), X_test: (7921, 76), y_test: (7921,)
[ 2025-07-16 16:37:03,180 ] 230 root - INFO - Training the model stated...
