[ 2025-07-16 17:54:26,859 ] 20 root - INFO - Data ingestion started...
[ 2025-07-16 17:54:30,941 ] 96 pymongo.serverSelection - INFO - {"message": "Waiting for suitable server to become available", "selector": "Primary()", "operation": "find", "topologyDescription": "<TopologyDescription id: 6877cb366f988772a4393e8e, topology_type: ReplicaSetNoPrimary, servers: [<ServerDescription ('ac-4xwvsju-shard-00-00.jf4afae.mongodb.net', 27017) server_type: Unknown, rtt: None>, <ServerDescription ('ac-4xwvsju-shard-00-01.jf4afae.mongodb.net', 27017) server_type: Unknown, rtt: None>, <ServerDescription ('ac-4xwvsju-shard-00-02.jf4afae.mongodb.net', 27017) server_type: Unknown, rtt: None>]>", "clientId": {"$oid": "6877cb366f988772a4393e8e"}, "remainingTimeMS": 30}
[ 2025-07-16 17:54:35,076 ] 74 root - INFO - Performed train test split on the dataframe...
[ 2025-07-16 17:54:35,076 ] 75 root - INFO - Train set shape: (31682, 77)
[ 2025-07-16 17:54:35,076 ] 76 root - INFO - Test set shape: (7921, 77)
[ 2025-07-16 17:54:35,076 ] 80 root - INFO - Exporting train and test file path...
[ 2025-07-16 17:54:35,737 ] 87 root - INFO - Exported train and test file path.
[ 2025-07-16 17:54:35,737 ] 22 root - INFO - Data ingestion completed
[ 2025-07-16 17:54:35,751 ] 27 root - INFO - Data validation started...
[ 2025-07-16 17:54:36,050 ] 46 root - INFO - Required number of columns: 2
[ 2025-07-16 17:54:36,050 ] 47 root - INFO - Data frame has columns: 77
[ 2025-07-16 17:54:36,050 ] 46 root - INFO - Required number of columns: 2
[ 2025-07-16 17:54:36,050 ] 47 root - INFO - Data frame has columns: 77
[ 2025-07-16 17:54:37,240 ] 29 root - INFO - Data validation completed
[ 2025-07-16 17:54:37,240 ] 34 root - INFO - Data transformation started...
[ 2025-07-16 17:54:37,240 ] 55 root - INFO - Entered initiate_data_transformation method of DataTransformation class
[ 2025-07-16 17:54:37,240 ] 57 root - INFO - Starting data transformation...
[ 2025-07-16 17:54:37,417 ] 65 root - INFO - Entered the save_object method of MainUtils class
[ 2025-07-16 17:54:37,417 ] 69 root - INFO - Exited the save_object method of MainUtils class
[ 2025-07-16 17:54:37,480 ] 45 root - INFO - Entered get_data_transformer_object method of Transformation class
[ 2025-07-16 17:54:37,480 ] 48 root - INFO - Initialise KNNImputer with {'missing_values': nan, 'n_neighbors': 3, 'weights': 'uniform'}
[ 2025-07-16 17:54:37,633 ] 65 root - INFO - Entered the save_object method of MainUtils class
[ 2025-07-16 17:54:37,653 ] 69 root - INFO - Exited the save_object method of MainUtils class
[ 2025-07-16 17:54:37,653 ] 65 root - INFO - Entered the save_object method of MainUtils class
[ 2025-07-16 17:54:37,670 ] 69 root - INFO - Exited the save_object method of MainUtils class
[ 2025-07-16 17:54:37,670 ] 36 root - INFO - Data transformation completed
[ 2025-07-16 17:54:37,670 ] 39 root - INFO - Model training started...
[ 2025-07-16 17:54:37,670 ] 225 root - INFO - Normalizing the data started...
[ 2025-07-16 17:54:37,703 ] 229 root - INFO - Normalization of data completed successfully.
[ 2025-07-16 17:54:37,713 ] 237 root - INFO - X_train: (31682, 76), y_train: (31682,), X_test: (7921, 76), y_test: (7921,)
[ 2025-07-16 17:54:37,713 ] 240 root - INFO - Training the model stated...
