[ 2025-07-16 19:48:28,127 ] 20 root - INFO - Data ingestion started...
[ 2025-07-16 19:48:32,222 ] 96 pymongo.serverSelection - INFO - {"message": "Waiting for suitable server to become available", "selector": "Primary()", "operation": "find", "topologyDescription": "<TopologyDescription id: 6877e5f04cbe2af01073d263, topology_type: ReplicaSetNoPrimary, servers: [<ServerDescription ('ac-4xwvsju-shard-00-00.jf4afae.mongodb.net', 27017) server_type: Unknown, rtt: None>, <ServerDescription ('ac-4xwvsju-shard-00-01.jf4afae.mongodb.net', 27017) server_type: Unknown, rtt: None>, <ServerDescription ('ac-4xwvsju-shard-00-02.jf4afae.mongodb.net', 27017) server_type: Unknown, rtt: None>]>", "clientId": {"$oid": "6877e5f04cbe2af01073d263"}, "remainingTimeMS": 30}
[ 2025-07-16 19:48:36,840 ] 74 root - INFO - Performed train test split on the dataframe...
[ 2025-07-16 19:48:36,840 ] 75 root - INFO - Train set shape: (31682, 77)
[ 2025-07-16 19:48:36,840 ] 76 root - INFO - Test set shape: (7921, 77)
[ 2025-07-16 19:48:36,840 ] 80 root - INFO - Exporting train and test file path...
[ 2025-07-16 19:48:37,539 ] 87 root - INFO - Exported train and test file path.
[ 2025-07-16 19:48:37,541 ] 22 root - INFO - Data ingestion completed
[ 2025-07-16 19:48:37,550 ] 27 root - INFO - Data validation started...
[ 2025-07-16 19:48:37,849 ] 46 root - INFO - Required number of columns: 2
[ 2025-07-16 19:48:37,849 ] 47 root - INFO - Data frame has columns: 77
[ 2025-07-16 19:48:37,849 ] 46 root - INFO - Required number of columns: 2
[ 2025-07-16 19:48:37,849 ] 47 root - INFO - Data frame has columns: 77
[ 2025-07-16 19:48:40,125 ] 29 root - INFO - Data validation completed
[ 2025-07-16 19:48:40,125 ] 34 root - INFO - Data transformation started...
[ 2025-07-16 19:48:40,125 ] 55 root - INFO - Entered initiate_data_transformation method of DataTransformation class
[ 2025-07-16 19:48:40,125 ] 57 root - INFO - Starting data transformation...
[ 2025-07-16 19:48:40,359 ] 65 root - INFO - Entered the save_object method of MainUtils class
[ 2025-07-16 19:48:40,375 ] 69 root - INFO - Exited the save_object method of MainUtils class
[ 2025-07-16 19:48:40,472 ] 45 root - INFO - Entered get_data_transformer_object method of Transformation class
[ 2025-07-16 19:48:40,472 ] 48 root - INFO - Initialise KNNImputer with {'missing_values': nan, 'n_neighbors': 3, 'weights': 'uniform'}
[ 2025-07-16 19:48:40,776 ] 65 root - INFO - Entered the save_object method of MainUtils class
[ 2025-07-16 19:48:40,796 ] 69 root - INFO - Exited the save_object method of MainUtils class
[ 2025-07-16 19:48:40,796 ] 65 root - INFO - Entered the save_object method of MainUtils class
[ 2025-07-16 19:48:40,826 ] 69 root - INFO - Exited the save_object method of MainUtils class
[ 2025-07-16 19:48:40,832 ] 36 root - INFO - Data transformation completed
[ 2025-07-16 19:48:40,832 ] 39 root - INFO - Model training started...
[ 2025-07-16 19:48:40,861 ] 226 root - INFO - Normalizing the data started...
[ 2025-07-16 19:48:40,895 ] 230 root - INFO - Normalization of data completed successfully.
[ 2025-07-16 19:48:40,904 ] 238 root - INFO - X_train: (31682, 76), y_train: (31682,), X_test: (7921, 76), y_test: (7921,)
[ 2025-07-16 19:48:40,904 ] 241 root - INFO - Training the model stated...
[ 2025-07-16 19:48:40,905 ] 172 root - INFO - Evaluating models...
