[ 2025-07-17 12:02:57,243 ] 20 root - INFO - Data ingestion started...
[ 2025-07-17 12:03:01,354 ] 96 pymongo.serverSelection - INFO - {"message": "Waiting for suitable server to become available", "selector": "Primary()", "operation": "find", "topologyDescription": "<TopologyDescription id: 6878ca552d1772d51c03aaa5, topology_type: ReplicaSetNoPrimary, servers: [<ServerDescription ('ac-4xwvsju-shard-00-00.jf4afae.mongodb.net', 27017) server_type: Unknown, rtt: None>, <ServerDescription ('ac-4xwvsju-shard-00-01.jf4afae.mongodb.net', 27017) server_type: Unknown, rtt: None>, <ServerDescription ('ac-4xwvsju-shard-00-02.jf4afae.mongodb.net', 27017) server_type: Unknown, rtt: None>]>", "clientId": {"$oid": "6878ca552d1772d51c03aaa5"}, "remainingTimeMS": 30}
[ 2025-07-17 12:03:05,599 ] 74 root - INFO - Performed train test split on the dataframe...
[ 2025-07-17 12:03:05,600 ] 75 root - INFO - Train set shape: (31682, 77)
[ 2025-07-17 12:03:05,600 ] 76 root - INFO - Test set shape: (7921, 77)
[ 2025-07-17 12:03:05,600 ] 80 root - INFO - Exporting train and test file path...
[ 2025-07-17 12:03:06,192 ] 87 root - INFO - Exported train and test file path.
[ 2025-07-17 12:03:06,192 ] 22 root - INFO - Data ingestion completed
[ 2025-07-17 12:03:06,192 ] 27 root - INFO - Data validation started...
[ 2025-07-17 12:03:06,416 ] 46 root - INFO - Required number of columns: 2
[ 2025-07-17 12:03:06,416 ] 47 root - INFO - Data frame has columns: 77
[ 2025-07-17 12:03:06,416 ] 46 root - INFO - Required number of columns: 2
[ 2025-07-17 12:03:06,416 ] 47 root - INFO - Data frame has columns: 77
[ 2025-07-17 12:03:07,534 ] 29 root - INFO - Data validation completed
[ 2025-07-17 12:03:07,551 ] 34 root - INFO - Data transformation started...
[ 2025-07-17 12:03:07,551 ] 55 root - INFO - Entered initiate_data_transformation method of DataTransformation class
[ 2025-07-17 12:03:07,551 ] 57 root - INFO - Starting data transformation...
[ 2025-07-17 12:03:07,708 ] 65 root - INFO - Entered the save_object method of MainUtils class
[ 2025-07-17 12:03:07,708 ] 69 root - INFO - Exited the save_object method of MainUtils class
[ 2025-07-17 12:03:07,771 ] 45 root - INFO - Entered get_data_transformer_object method of Transformation class
[ 2025-07-17 12:03:07,771 ] 48 root - INFO - Initialise KNNImputer with {'missing_values': nan, 'n_neighbors': 3, 'weights': 'uniform'}
[ 2025-07-17 12:03:07,911 ] 65 root - INFO - Entered the save_object method of MainUtils class
[ 2025-07-17 12:03:07,927 ] 69 root - INFO - Exited the save_object method of MainUtils class
[ 2025-07-17 12:03:07,927 ] 65 root - INFO - Entered the save_object method of MainUtils class
[ 2025-07-17 12:03:07,954 ] 69 root - INFO - Exited the save_object method of MainUtils class
[ 2025-07-17 12:03:07,954 ] 36 root - INFO - Data transformation completed
[ 2025-07-17 12:03:07,954 ] 39 root - INFO - Model training started...
[ 2025-07-17 12:03:07,958 ] 235 root - INFO - Normalizing the data started...
[ 2025-07-17 12:03:07,986 ] 239 root - INFO - Normalization of data completed successfully.
[ 2025-07-17 12:03:07,991 ] 247 root - INFO - X_train: (31682, 76), y_train: (31682,), X_test: (7921, 76), y_test: (7921,)
[ 2025-07-17 12:03:07,991 ] 250 root - INFO - Training the model stated...
[ 2025-07-17 12:03:07,991 ] 179 root - INFO - Evaluating models...
[ 2025-07-17 12:03:07,991 ] 109 root - INFO - Starting GridSearch for model: Random Forest
[ 2025-07-17 12:03:48,205 ] 118 root - INFO - Random Forest - Best params: {'n_estimators': 256}
[ 2025-07-17 12:03:49,159 ] 127 root - INFO - Random Forest - Train F1 score: 1.0000, Test F1 score: 0.9307
[ 2025-07-17 12:03:49,159 ] 109 root - INFO - Starting GridSearch for model: Decision Tree
[ 2025-07-17 12:03:49,739 ] 118 root - INFO - Decision Tree - Best params: {'criterion': 'entropy'}
[ 2025-07-17 12:03:49,757 ] 127 root - INFO - Decision Tree - Train F1 score: 1.0000, Test F1 score: 0.9974
[ 2025-07-17 12:03:49,757 ] 109 root - INFO - Starting GridSearch for model: Gradient Boosting
[ 2025-07-17 12:07:24,270 ] 118 root - INFO - Gradient Boosting - Best params: {'learning_rate': 0.1, 'n_estimators': 256, 'subsample': 0.9}
[ 2025-07-17 12:07:24,381 ] 127 root - INFO - Gradient Boosting - Train F1 score: 1.0000, Test F1 score: 1.0000
[ 2025-07-17 12:07:24,381 ] 109 root - INFO - Starting GridSearch for model: Logistic Regression
[ 2025-07-17 12:07:25,561 ] 118 root - INFO - Logistic Regression - Best params: {}
[ 2025-07-17 12:07:25,578 ] 127 root - INFO - Logistic Regression - Train F1 score: 0.1332, Test F1 score: 0.0976
[ 2025-07-17 12:07:25,578 ] 109 root - INFO - Starting GridSearch for model: AdaBoost
[ 2025-07-17 12:08:36,762 ] 118 root - INFO - AdaBoost - Best params: {'learning_rate': 0.1, 'n_estimators': 256}
[ 2025-07-17 12:08:38,788 ] 127 root - INFO - AdaBoost - Train F1 score: 0.9892, Test F1 score: 0.9895
[ 2025-07-17 12:08:38,788 ] 109 root - INFO - Starting GridSearch for model: Neural Network
[ 2025-07-17 12:08:46,125 ] 134 root - ERROR - Model 'Neural Network' failed: Could not interpret metric identifier: loss
[ 2025-07-17 12:08:46,278 ] 23 root - INFO - F1 Score: 1.0, Precision Score: 1.0, Recall Score: 1.0, Accuracy Score: 1.0, Confusion Matrix: [[30941     0]
 [    0   741]], 
Classification Report:               precision    recall  f1-score   support

         0.0       1.00      1.00      1.00     30941
         1.0       1.00      1.00      1.00       741

    accuracy                           1.00     31682
   macro avg       1.00      1.00      1.00     31682
weighted avg       1.00      1.00      1.00     31682

[ 2025-07-17 12:08:54,541 ] 23 root - INFO - F1 Score: 1.0, Precision Score: 1.0, Recall Score: 1.0, Accuracy Score: 1.0, Confusion Matrix: [[7729    0]
 [   0  192]], 
Classification Report:               precision    recall  f1-score   support

         0.0       1.00      1.00      1.00      7729
         1.0       1.00      1.00      1.00       192

    accuracy                           1.00      7921
   macro avg       1.00      1.00      1.00      7921
weighted avg       1.00      1.00      1.00      7921

[ 2025-07-17 12:09:00,236 ] 65 root - INFO - Entered the save_object method of MainUtils class
[ 2025-07-17 12:09:00,273 ] 69 root - INFO - Exited the save_object method of MainUtils class
[ 2025-07-17 12:09:00,273 ] 65 root - INFO - Entered the save_object method of MainUtils class
[ 2025-07-17 12:09:00,281 ] 69 root - INFO - Exited the save_object method of MainUtils class
[ 2025-07-17 12:09:00,281 ] 222 root - INFO - Model trainer artifact: ModelTrainerArtifact(trained_model_file_path='Artifacts\\07_17_2025_12_02_52\\model_trainer\\trained_model\\model.pkl', train_metric_artifact=ClassificationMetricArtifact(f1_score=1.0, precision_score=1.0, recall_score=1.0, accuracy_score=1.0, confusion_matrix=array([[30941,     0],
       [    0,   741]], dtype=int64), classification_report='              precision    recall  f1-score   support\n\n         0.0       1.00      1.00      1.00     30941\n         1.0       1.00      1.00      1.00       741\n\n    accuracy                           1.00     31682\n   macro avg       1.00      1.00      1.00     31682\nweighted avg       1.00      1.00      1.00     31682\n'), test_metric_artifact=ClassificationMetricArtifact(f1_score=1.0, precision_score=1.0, recall_score=1.0, accuracy_score=1.0, confusion_matrix=array([[7729,    0],
       [   0,  192]], dtype=int64), classification_report='              precision    recall  f1-score   support\n\n         0.0       1.00      1.00      1.00      7729\n         1.0       1.00      1.00      1.00       192\n\n    accuracy                           1.00      7921\n   macro avg       1.00      1.00      1.00      7921\nweighted avg       1.00      1.00      1.00      7921\n'))
[ 2025-07-17 12:09:00,281 ] 252 root - INFO - Training the model completed successfully.
[ 2025-07-17 12:09:00,290 ] 43 root - INFO - Model training completed!
