[ 2025-07-15 19:47:07,493 ] 17 root - INFO - Data ingestion started...
[ 2025-07-15 19:47:15,928 ] 74 root - INFO - Performed train test split on the dataframe...
[ 2025-07-15 19:47:15,928 ] 75 root - INFO - Train set shape: (31682, 77)
[ 2025-07-15 19:47:15,928 ] 76 root - INFO - Test set shape: (7921, 77)
[ 2025-07-15 19:47:15,928 ] 80 root - INFO - Exporting train and test file path...
[ 2025-07-15 19:47:16,620 ] 87 root - INFO - Exported train and test file path.
[ 2025-07-15 19:47:16,620 ] 19 root - INFO - Data ingestion completed
[ 2025-07-15 19:47:16,636 ] 24 root - INFO - Data validation started...
[ 2025-07-15 19:47:16,895 ] 46 root - INFO - Required number of columns: 2
[ 2025-07-15 19:47:16,895 ] 47 root - INFO - Data frame has columns: 77
[ 2025-07-15 19:47:16,895 ] 46 root - INFO - Required number of columns: 2
[ 2025-07-15 19:47:16,895 ] 47 root - INFO - Data frame has columns: 77
[ 2025-07-15 19:47:18,120 ] 26 root - INFO - Data validation completed
[ 2025-07-15 19:47:18,120 ] 31 root - INFO - Data transformation started...
[ 2025-07-15 19:47:18,120 ] 55 root - INFO - Entered initiate_data_transformation method of DataTransformation class
[ 2025-07-15 19:47:18,120 ] 57 root - INFO - Starting data transformation...
[ 2025-07-15 19:47:18,335 ] 45 root - INFO - Entered get_data_transformer_object method of Transformation class
[ 2025-07-15 19:47:18,335 ] 48 root - INFO - Initialise KNNImputer with {'missing_values': nan, 'n_neighbors': 3, 'weights': 'uniform'}
[ 2025-07-15 19:47:18,487 ] 65 root - INFO - Entered the save_object method of MainUtils class
[ 2025-07-15 19:47:18,493 ] 69 root - INFO - Exited the save_object method of MainUtils class
[ 2025-07-15 19:47:18,493 ] 65 root - INFO - Entered the save_object method of MainUtils class
[ 2025-07-15 19:47:18,557 ] 69 root - INFO - Exited the save_object method of MainUtils class
[ 2025-07-15 19:47:18,572 ] 33 root - INFO - Data transformation completed
