[ 2025-07-16 16:07:15,964 ] 20 root - INFO - Data ingestion started...
[ 2025-07-16 16:07:20,068 ] 96 pymongo.serverSelection - INFO - {"message": "Waiting for suitable server to become available", "selector": "Primary()", "operation": "find", "topologyDescription": "<TopologyDescription id: 6877b2182e50323a4b1fccdb, topology_type: ReplicaSetNoPrimary, servers: [<ServerDescription ('ac-4xwvsju-shard-00-00.jf4afae.mongodb.net', 27017) server_type: Unknown, rtt: None>, <ServerDescription ('ac-4xwvsju-shard-00-01.jf4afae.mongodb.net', 27017) server_type: Unknown, rtt: None>, <ServerDescription ('ac-4xwvsju-shard-00-02.jf4afae.mongodb.net', 27017) server_type: Unknown, rtt: None>]>", "clientId": {"$oid": "6877b2182e50323a4b1fccdb"}, "remainingTimeMS": 30}
[ 2025-07-16 16:07:24,245 ] 74 root - INFO - Performed train test split on the dataframe...
[ 2025-07-16 16:07:24,245 ] 75 root - INFO - Train set shape: (31682, 77)
[ 2025-07-16 16:07:24,245 ] 76 root - INFO - Test set shape: (7921, 77)
[ 2025-07-16 16:07:24,245 ] 80 root - INFO - Exporting train and test file path...
[ 2025-07-16 16:07:24,885 ] 87 root - INFO - Exported train and test file path.
[ 2025-07-16 16:07:24,885 ] 22 root - INFO - Data ingestion completed
[ 2025-07-16 16:07:24,885 ] 27 root - INFO - Data validation started...
[ 2025-07-16 16:07:25,097 ] 46 root - INFO - Required number of columns: 2
[ 2025-07-16 16:07:25,097 ] 47 root - INFO - Data frame has columns: 77
[ 2025-07-16 16:07:25,097 ] 46 root - INFO - Required number of columns: 2
[ 2025-07-16 16:07:25,097 ] 47 root - INFO - Data frame has columns: 77
[ 2025-07-16 16:07:26,259 ] 29 root - INFO - Data validation completed
[ 2025-07-16 16:07:26,259 ] 34 root - INFO - Data transformation started...
[ 2025-07-16 16:07:26,259 ] 55 root - INFO - Entered initiate_data_transformation method of DataTransformation class
[ 2025-07-16 16:07:26,259 ] 57 root - INFO - Starting data transformation...
[ 2025-07-16 16:07:26,449 ] 65 root - INFO - Entered the save_object method of MainUtils class
[ 2025-07-16 16:07:26,452 ] 69 root - INFO - Exited the save_object method of MainUtils class
[ 2025-07-16 16:07:26,500 ] 45 root - INFO - Entered get_data_transformer_object method of Transformation class
[ 2025-07-16 16:07:26,500 ] 48 root - INFO - Initialise KNNImputer with {'missing_values': nan, 'n_neighbors': 3, 'weights': 'uniform'}
[ 2025-07-16 16:07:26,655 ] 65 root - INFO - Entered the save_object method of MainUtils class
[ 2025-07-16 16:07:26,658 ] 69 root - INFO - Exited the save_object method of MainUtils class
[ 2025-07-16 16:07:26,658 ] 65 root - INFO - Entered the save_object method of MainUtils class
[ 2025-07-16 16:07:26,690 ] 69 root - INFO - Exited the save_object method of MainUtils class
[ 2025-07-16 16:07:26,690 ] 36 root - INFO - Data transformation completed
[ 2025-07-16 16:07:26,697 ] 39 root - INFO - Model training started...
[ 2025-07-16 16:07:26,706 ] 212 root - INFO - Normalizing the data started...
[ 2025-07-16 16:07:26,722 ] 216 root - INFO - Normalization of data completed successfully.
[ 2025-07-16 16:07:26,733 ] 224 root - INFO - X_train: (31682, 76), y_train: (31682,), X_test: (7921, 76), y_test: (7921,)
[ 2025-07-16 16:07:26,733 ] 227 root - INFO - Training the model stated...
