[ 2025-07-15 23:27:28,729 ] 160 numexpr.utils - INFO - NumExpr defaulting to 8 threads.
[ 2025-07-15 23:28:05,502 ] 20 root - INFO - Data ingestion started...
[ 2025-07-15 23:28:14,858 ] 74 root - INFO - Performed train test split on the dataframe...
[ 2025-07-15 23:28:14,858 ] 75 root - INFO - Train set shape: (31682, 77)
[ 2025-07-15 23:28:14,858 ] 76 root - INFO - Test set shape: (7921, 77)
[ 2025-07-15 23:28:14,860 ] 80 root - INFO - Exporting train and test file path...
[ 2025-07-15 23:28:15,524 ] 87 root - INFO - Exported train and test file path.
[ 2025-07-15 23:28:15,524 ] 22 root - INFO - Data ingestion completed
[ 2025-07-15 23:28:15,541 ] 27 root - INFO - Data validation started...
[ 2025-07-15 23:28:15,824 ] 46 root - INFO - Required number of columns: 2
[ 2025-07-15 23:28:15,824 ] 47 root - INFO - Data frame has columns: 77
[ 2025-07-15 23:28:15,824 ] 46 root - INFO - Required number of columns: 2
[ 2025-07-15 23:28:15,824 ] 47 root - INFO - Data frame has columns: 77
[ 2025-07-15 23:28:17,651 ] 29 root - INFO - Data validation completed
[ 2025-07-15 23:28:17,651 ] 34 root - INFO - Data transformation started...
[ 2025-07-15 23:28:17,651 ] 55 root - INFO - Entered initiate_data_transformation method of DataTransformation class
[ 2025-07-15 23:28:17,651 ] 57 root - INFO - Starting data transformation...
[ 2025-07-15 23:28:17,962 ] 45 root - INFO - Entered get_data_transformer_object method of Transformation class
[ 2025-07-15 23:28:17,962 ] 48 root - INFO - Initialise KNNImputer with {'missing_values': nan, 'n_neighbors': 3, 'weights': 'uniform'}
[ 2025-07-15 23:28:18,116 ] 65 root - INFO - Entered the save_object method of MainUtils class
[ 2025-07-15 23:28:18,143 ] 69 root - INFO - Exited the save_object method of MainUtils class
[ 2025-07-15 23:28:18,143 ] 65 root - INFO - Entered the save_object method of MainUtils class
[ 2025-07-15 23:28:18,177 ] 69 root - INFO - Exited the save_object method of MainUtils class
[ 2025-07-15 23:28:18,181 ] 36 root - INFO - Data transformation completed
[ 2025-07-15 23:28:18,181 ] 39 root - INFO - Model training started...
