[ 2025-07-17 09:42:15,977 ] 20 root - INFO - Data ingestion started...
[ 2025-07-17 09:42:20,358 ] 96 pymongo.serverSelection - INFO - {"message": "Waiting for suitable server to become available", "selector": "Primary()", "operation": "find", "topologyDescription": "<TopologyDescription id: 6878a95cbd2fdc44e397a8e8, topology_type: ReplicaSetNoPrimary, servers: [<ServerDescription ('ac-4xwvsju-shard-00-00.jf4afae.mongodb.net', 27017) server_type: Unknown, rtt: None>, <ServerDescription ('ac-4xwvsju-shard-00-01.jf4afae.mongodb.net', 27017) server_type: Unknown, rtt: None>, <ServerDescription ('ac-4xwvsju-shard-00-02.jf4afae.mongodb.net', 27017) server_type: Unknown, rtt: None>]>", "clientId": {"$oid": "6878a95cbd2fdc44e397a8e8"}, "remainingTimeMS": 30}
[ 2025-07-17 09:42:27,545 ] 74 root - INFO - Performed train test split on the dataframe...
[ 2025-07-17 09:42:27,545 ] 75 root - INFO - Train set shape: (31682, 77)
[ 2025-07-17 09:42:27,545 ] 76 root - INFO - Test set shape: (7921, 77)
[ 2025-07-17 09:42:27,546 ] 80 root - INFO - Exporting train and test file path...
[ 2025-07-17 09:42:28,317 ] 87 root - INFO - Exported train and test file path.
[ 2025-07-17 09:42:28,317 ] 22 root - INFO - Data ingestion completed
[ 2025-07-17 09:42:28,331 ] 27 root - INFO - Data validation started...
[ 2025-07-17 09:42:28,599 ] 46 root - INFO - Required number of columns: 2
[ 2025-07-17 09:42:28,599 ] 47 root - INFO - Data frame has columns: 77
[ 2025-07-17 09:42:28,599 ] 46 root - INFO - Required number of columns: 2
[ 2025-07-17 09:42:28,600 ] 47 root - INFO - Data frame has columns: 77
[ 2025-07-17 09:42:29,865 ] 29 root - INFO - Data validation completed
[ 2025-07-17 09:42:29,865 ] 34 root - INFO - Data transformation started...
[ 2025-07-17 09:42:29,865 ] 55 root - INFO - Entered initiate_data_transformation method of DataTransformation class
[ 2025-07-17 09:42:29,865 ] 57 root - INFO - Starting data transformation...
[ 2025-07-17 09:42:30,035 ] 65 root - INFO - Entered the save_object method of MainUtils class
[ 2025-07-17 09:42:30,035 ] 69 root - INFO - Exited the save_object method of MainUtils class
[ 2025-07-17 09:42:30,082 ] 45 root - INFO - Entered get_data_transformer_object method of Transformation class
[ 2025-07-17 09:42:30,082 ] 48 root - INFO - Initialise KNNImputer with {'missing_values': nan, 'n_neighbors': 3, 'weights': 'uniform'}
[ 2025-07-17 09:42:30,226 ] 65 root - INFO - Entered the save_object method of MainUtils class
[ 2025-07-17 09:42:30,241 ] 69 root - INFO - Exited the save_object method of MainUtils class
[ 2025-07-17 09:42:30,241 ] 65 root - INFO - Entered the save_object method of MainUtils class
[ 2025-07-17 09:42:30,264 ] 69 root - INFO - Exited the save_object method of MainUtils class
[ 2025-07-17 09:42:30,266 ] 36 root - INFO - Data transformation completed
[ 2025-07-17 09:42:30,266 ] 39 root - INFO - Model training started...
[ 2025-07-17 09:42:30,275 ] 226 root - INFO - Normalizing the data started...
[ 2025-07-17 09:42:30,296 ] 230 root - INFO - Normalization of data completed successfully.
[ 2025-07-17 09:42:30,300 ] 238 root - INFO - X_train: (31682, 76), y_train: (31682,), X_test: (7921, 76), y_test: (7921,)
[ 2025-07-17 09:42:30,301 ] 241 root - INFO - Training the model stated...
[ 2025-07-17 09:42:30,301 ] 172 root - INFO - Evaluating models...
[ 2025-07-17 09:42:30,301 ] 109 root - INFO - Starting GridSearch for model: Random Forest
[ 2025-07-17 09:42:56,920 ] 118 root - INFO - Random Forest - Best params: {'n_estimators': 256}
[ 2025-07-17 09:42:57,781 ] 127 root - INFO - Random Forest - Train R2: 1.0000, Test R2: 0.8407
[ 2025-07-17 09:42:57,781 ] 109 root - INFO - Starting GridSearch for model: Decision Tree
[ 2025-07-17 09:42:58,426 ] 118 root - INFO - Decision Tree - Best params: {'criterion': 'gini'}
[ 2025-07-17 09:42:58,441 ] 127 root - INFO - Decision Tree - Train R2: 1.0000, Test R2: 0.9628
[ 2025-07-17 09:42:58,441 ] 109 root - INFO - Starting GridSearch for model: Gradient Boosting
[ 2025-07-17 09:46:34,607 ] 118 root - INFO - Gradient Boosting - Best params: {'learning_rate': 0.1, 'n_estimators': 256, 'subsample': 0.9}
[ 2025-07-17 09:46:34,714 ] 127 root - INFO - Gradient Boosting - Train R2: 1.0000, Test R2: 0.9894
[ 2025-07-17 09:46:34,714 ] 109 root - INFO - Starting GridSearch for model: Logistic Regression
[ 2025-07-17 09:46:35,946 ] 118 root - INFO - Logistic Regression - Best params: {}
[ 2025-07-17 09:46:35,946 ] 127 root - INFO - Logistic Regression - Train R2: -0.1305, Test R2: -0.2427
[ 2025-07-17 09:46:35,946 ] 109 root - INFO - Starting GridSearch for model: AdaBoost
[ 2025-07-17 09:47:48,050 ] 118 root - INFO - AdaBoost - Best params: {'learning_rate': 0.1, 'n_estimators': 256}
[ 2025-07-17 09:47:50,241 ] 127 root - INFO - AdaBoost - Train R2: 0.9834, Test R2: 0.9841
[ 2025-07-17 09:47:50,241 ] 109 root - INFO - Starting GridSearch for model: Neural Network
[ 2025-07-17 09:47:57,738 ] 134 root - ERROR - Model 'Neural Network' failed: Could not interpret metric identifier: loss
[ 2025-07-17 09:47:57,867 ] 23 root - INFO - F1 Score: 1.0,Precision Score: 1.0,Recall Score: 1.0,Accuracy Score: 1.0,Confusion Matrix: [[30942     0]
 [    0   740]]
[ 2025-07-17 09:48:07,031 ] 23 root - INFO - F1 Score: 0.9947916666666666,Precision Score: 1.0,Recall Score: 0.9896373056994818,Accuracy Score: 0.999747506627951,Confusion Matrix: [[7728    0]
 [   2  191]]
[ 2025-07-17 09:48:11,966 ] 65 root - INFO - Entered the save_object method of MainUtils class
[ 2025-07-17 09:48:11,987 ] 69 root - INFO - Exited the save_object method of MainUtils class
[ 2025-07-17 09:48:11,987 ] 65 root - INFO - Entered the save_object method of MainUtils class
[ 2025-07-17 09:48:11,995 ] 69 root - INFO - Exited the save_object method of MainUtils class
[ 2025-07-17 09:48:11,995 ] 213 root - INFO - Model trainer artifact: ModelTrainerArtifact(trained_model_file_path='Artifacts\\07_17_2025_09_42_11\\model_trainer\\trained_model\\model.pkl', train_metric_artifact=ClassificationMetricArtifact(f1_score=1.0, precision_score=1.0, recall_score=1.0, accuracy_score=1.0, confusion_matrix=array([[30942,     0],
       [    0,   740]], dtype=int64)), test_metric_artifact=ClassificationMetricArtifact(f1_score=0.9947916666666666, precision_score=1.0, recall_score=0.9896373056994818, accuracy_score=0.999747506627951, confusion_matrix=array([[7728,    0],
       [   2,  191]], dtype=int64)))
[ 2025-07-17 09:48:11,999 ] 243 root - INFO - Training the model completed successfully.
[ 2025-07-17 09:48:12,002 ] 43 root - INFO - Model training completed!
