[ 2025-07-16 17:37:13,122 ] 20 root - INFO - Data ingestion started...
[ 2025-07-16 17:37:17,219 ] 96 pymongo.serverSelection - INFO - {"message": "Waiting for suitable server to become available", "selector": "Primary()", "operation": "find", "topologyDescription": "<TopologyDescription id: 6877c72dd8a8c369d53c15be, topology_type: ReplicaSetNoPrimary, servers: [<ServerDescription ('ac-4xwvsju-shard-00-00.jf4afae.mongodb.net', 27017) server_type: Unknown, rtt: None>, <ServerDescription ('ac-4xwvsju-shard-00-01.jf4afae.mongodb.net', 27017) server_type: Unknown, rtt: None>, <ServerDescription ('ac-4xwvsju-shard-00-02.jf4afae.mongodb.net', 27017) server_type: Unknown, rtt: None>]>", "clientId": {"$oid": "6877c72dd8a8c369d53c15be"}, "remainingTimeMS": 30}
[ 2025-07-16 17:37:21,780 ] 74 root - INFO - Performed train test split on the dataframe...
[ 2025-07-16 17:37:21,780 ] 75 root - INFO - Train set shape: (31682, 77)
[ 2025-07-16 17:37:21,780 ] 76 root - INFO - Test set shape: (7921, 77)
[ 2025-07-16 17:37:21,780 ] 80 root - INFO - Exporting train and test file path...
[ 2025-07-16 17:37:22,397 ] 87 root - INFO - Exported train and test file path.
[ 2025-07-16 17:37:22,397 ] 22 root - INFO - Data ingestion completed
[ 2025-07-16 17:37:22,407 ] 27 root - INFO - Data validation started...
[ 2025-07-16 17:37:22,646 ] 46 root - INFO - Required number of columns: 2
[ 2025-07-16 17:37:22,646 ] 47 root - INFO - Data frame has columns: 77
[ 2025-07-16 17:37:22,646 ] 46 root - INFO - Required number of columns: 2
[ 2025-07-16 17:37:22,646 ] 47 root - INFO - Data frame has columns: 77
[ 2025-07-16 17:37:23,839 ] 29 root - INFO - Data validation completed
[ 2025-07-16 17:37:23,839 ] 34 root - INFO - Data transformation started...
[ 2025-07-16 17:37:23,839 ] 55 root - INFO - Entered initiate_data_transformation method of DataTransformation class
[ 2025-07-16 17:37:23,839 ] 57 root - INFO - Starting data transformation...
[ 2025-07-16 17:37:24,025 ] 65 root - INFO - Entered the save_object method of MainUtils class
[ 2025-07-16 17:37:24,025 ] 69 root - INFO - Exited the save_object method of MainUtils class
[ 2025-07-16 17:37:24,102 ] 45 root - INFO - Entered get_data_transformer_object method of Transformation class
[ 2025-07-16 17:37:24,102 ] 48 root - INFO - Initialise KNNImputer with {'missing_values': nan, 'n_neighbors': 3, 'weights': 'uniform'}
[ 2025-07-16 17:37:24,246 ] 65 root - INFO - Entered the save_object method of MainUtils class
[ 2025-07-16 17:37:24,262 ] 69 root - INFO - Exited the save_object method of MainUtils class
[ 2025-07-16 17:37:24,262 ] 65 root - INFO - Entered the save_object method of MainUtils class
[ 2025-07-16 17:37:24,278 ] 69 root - INFO - Exited the save_object method of MainUtils class
[ 2025-07-16 17:37:24,278 ] 36 root - INFO - Data transformation completed
[ 2025-07-16 17:37:24,278 ] 39 root - INFO - Model training started...
[ 2025-07-16 17:37:24,297 ] 224 root - INFO - Normalizing the data started...
[ 2025-07-16 17:37:24,326 ] 228 root - INFO - Normalization of data completed successfully.
[ 2025-07-16 17:37:24,339 ] 236 root - INFO - X_train: (31682, 76), y_train: (31682,), X_test: (7921, 76), y_test: (7921,)
[ 2025-07-16 17:37:24,339 ] 239 root - INFO - Training the model stated...
