[ 2025-07-15 23:39:48,745 ] 160 numexpr.utils - INFO - NumExpr defaulting to 8 threads.
[ 2025-07-15 23:39:54,662 ] 20 root - INFO - Data ingestion started...
[ 2025-07-15 23:40:02,979 ] 74 root - INFO - Performed train test split on the dataframe...
[ 2025-07-15 23:40:02,980 ] 75 root - INFO - Train set shape: (31682, 77)
[ 2025-07-15 23:40:02,980 ] 76 root - INFO - Test set shape: (7921, 77)
[ 2025-07-15 23:40:02,980 ] 80 root - INFO - Exporting train and test file path...
[ 2025-07-15 23:40:03,834 ] 87 root - INFO - Exported train and test file path.
[ 2025-07-15 23:40:03,837 ] 22 root - INFO - Data ingestion completed
[ 2025-07-15 23:40:03,863 ] 27 root - INFO - Data validation started...
[ 2025-07-15 23:40:04,272 ] 46 root - INFO - Required number of columns: 2
[ 2025-07-15 23:40:04,272 ] 47 root - INFO - Data frame has columns: 77
[ 2025-07-15 23:40:04,274 ] 46 root - INFO - Required number of columns: 2
[ 2025-07-15 23:40:04,274 ] 47 root - INFO - Data frame has columns: 77
[ 2025-07-15 23:40:05,784 ] 29 root - INFO - Data validation completed
[ 2025-07-15 23:40:05,784 ] 34 root - INFO - Data transformation started...
[ 2025-07-15 23:40:05,784 ] 55 root - INFO - Entered initiate_data_transformation method of DataTransformation class
[ 2025-07-15 23:40:05,784 ] 57 root - INFO - Starting data transformation...
[ 2025-07-15 23:40:06,041 ] 45 root - INFO - Entered get_data_transformer_object method of Transformation class
[ 2025-07-15 23:40:06,041 ] 48 root - INFO - Initialise KNNImputer with {'missing_values': nan, 'n_neighbors': 3, 'weights': 'uniform'}
[ 2025-07-15 23:40:06,189 ] 65 root - INFO - Entered the save_object method of MainUtils class
[ 2025-07-15 23:40:06,206 ] 69 root - INFO - Exited the save_object method of MainUtils class
[ 2025-07-15 23:40:06,206 ] 65 root - INFO - Entered the save_object method of MainUtils class
[ 2025-07-15 23:40:06,227 ] 69 root - INFO - Exited the save_object method of MainUtils class
[ 2025-07-15 23:40:06,229 ] 36 root - INFO - Data transformation completed
[ 2025-07-15 23:40:06,229 ] 39 root - INFO - Model training started...
[ 2025-07-15 23:40:06,239 ] 176 root - INFO - Normalizing the data started...
[ 2025-07-15 23:40:06,259 ] 180 root - INFO - Normalization of data completed successfully.
