[ 2025-07-16 20:17:22,083 ] 20 root - INFO - Data ingestion started...
[ 2025-07-16 20:17:26,192 ] 96 pymongo.serverSelection - INFO - {"message": "Waiting for suitable server to become available", "selector": "Primary()", "operation": "find", "topologyDescription": "<TopologyDescription id: 6877ecb63f5179e0e64dc363, topology_type: ReplicaSetNoPrimary, servers: [<ServerDescription ('ac-4xwvsju-shard-00-00.jf4afae.mongodb.net', 27017) server_type: Unknown, rtt: None>, <ServerDescription ('ac-4xwvsju-shard-00-01.jf4afae.mongodb.net', 27017) server_type: Unknown, rtt: None>, <ServerDescription ('ac-4xwvsju-shard-00-02.jf4afae.mongodb.net', 27017) server_type: Unknown, rtt: None>]>", "clientId": {"$oid": "6877ecb63f5179e0e64dc363"}, "remainingTimeMS": 30}
[ 2025-07-16 20:17:30,681 ] 74 root - INFO - Performed train test split on the dataframe...
[ 2025-07-16 20:17:30,681 ] 75 root - INFO - Train set shape: (31682, 77)
[ 2025-07-16 20:17:30,681 ] 76 root - INFO - Test set shape: (7921, 77)
[ 2025-07-16 20:17:30,682 ] 80 root - INFO - Exporting train and test file path...
[ 2025-07-16 20:17:31,292 ] 87 root - INFO - Exported train and test file path.
[ 2025-07-16 20:17:31,292 ] 22 root - INFO - Data ingestion completed
[ 2025-07-16 20:17:31,303 ] 27 root - INFO - Data validation started...
[ 2025-07-16 20:17:31,626 ] 46 root - INFO - Required number of columns: 2
[ 2025-07-16 20:17:31,626 ] 47 root - INFO - Data frame has columns: 77
[ 2025-07-16 20:17:31,626 ] 46 root - INFO - Required number of columns: 2
[ 2025-07-16 20:17:31,626 ] 47 root - INFO - Data frame has columns: 77
[ 2025-07-16 20:17:32,857 ] 29 root - INFO - Data validation completed
[ 2025-07-16 20:17:32,857 ] 34 root - INFO - Data transformation started...
[ 2025-07-16 20:17:32,857 ] 55 root - INFO - Entered initiate_data_transformation method of DataTransformation class
[ 2025-07-16 20:17:32,857 ] 57 root - INFO - Starting data transformation...
[ 2025-07-16 20:17:33,105 ] 65 root - INFO - Entered the save_object method of MainUtils class
[ 2025-07-16 20:17:33,106 ] 69 root - INFO - Exited the save_object method of MainUtils class
[ 2025-07-16 20:17:33,149 ] 45 root - INFO - Entered get_data_transformer_object method of Transformation class
[ 2025-07-16 20:17:33,149 ] 48 root - INFO - Initialise KNNImputer with {'missing_values': nan, 'n_neighbors': 3, 'weights': 'uniform'}
[ 2025-07-16 20:17:33,324 ] 65 root - INFO - Entered the save_object method of MainUtils class
[ 2025-07-16 20:17:33,340 ] 69 root - INFO - Exited the save_object method of MainUtils class
[ 2025-07-16 20:17:33,340 ] 65 root - INFO - Entered the save_object method of MainUtils class
[ 2025-07-16 20:17:33,356 ] 69 root - INFO - Exited the save_object method of MainUtils class
[ 2025-07-16 20:17:33,362 ] 36 root - INFO - Data transformation completed
[ 2025-07-16 20:17:33,362 ] 39 root - INFO - Model training started...
[ 2025-07-16 20:17:33,371 ] 226 root - INFO - Normalizing the data started...
[ 2025-07-16 20:17:33,392 ] 230 root - INFO - Normalization of data completed successfully.
[ 2025-07-16 20:17:33,394 ] 238 root - INFO - X_train: (31682, 76), y_train: (31682,), X_test: (7921, 76), y_test: (7921,)
[ 2025-07-16 20:17:33,394 ] 241 root - INFO - Training the model stated...
[ 2025-07-16 20:17:33,394 ] 172 root - INFO - Evaluating models...
[ 2025-07-16 20:17:33,394 ] 109 root - INFO - Starting GridSearch for model: Random Forest
[ 2025-07-16 20:18:18,170 ] 118 root - INFO - Random Forest - Best params: {'n_estimators': 256}
[ 2025-07-16 20:18:19,872 ] 127 root - INFO - Random Forest - Train R2: 1.0000, Test R2: 0.8647
[ 2025-07-16 20:18:19,872 ] 109 root - INFO - Starting GridSearch for model: Decision Tree
[ 2025-07-16 20:18:21,107 ] 118 root - INFO - Decision Tree - Best params: {'criterion': 'entropy'}
[ 2025-07-16 20:18:21,107 ] 127 root - INFO - Decision Tree - Train R2: 1.0000, Test R2: 0.9740
[ 2025-07-16 20:18:21,107 ] 109 root - INFO - Starting GridSearch for model: Gradient Boosting
[ 2025-07-16 20:21:51,809 ] 118 root - INFO - Gradient Boosting - Best params: {'learning_rate': 0.1, 'n_estimators': 256, 'subsample': 0.6}
[ 2025-07-16 20:21:51,922 ] 127 root - INFO - Gradient Boosting - Train R2: 1.0000, Test R2: 0.9948
[ 2025-07-16 20:21:51,922 ] 109 root - INFO - Starting GridSearch for model: Logistic Regression
[ 2025-07-16 20:21:53,142 ] 118 root - INFO - Logistic Regression - Best params: {}
[ 2025-07-16 20:21:53,154 ] 127 root - INFO - Logistic Regression - Train R2: -0.1615, Test R2: -0.2546
[ 2025-07-16 20:21:53,154 ] 109 root - INFO - Starting GridSearch for model: AdaBoost
[ 2025-07-16 20:23:04,846 ] 118 root - INFO - AdaBoost - Best params: {'learning_rate': 0.1, 'n_estimators': 256}
[ 2025-07-16 20:23:06,851 ] 127 root - INFO - AdaBoost - Train R2: 0.9833, Test R2: 0.9844
[ 2025-07-16 20:23:06,851 ] 109 root - INFO - Starting GridSearch for model: Neural Network
[ 2025-07-16 20:23:14,830 ] 134 root - ERROR - Model 'Neural Network' failed: Could not interpret metric identifier: loss
[ 2025-07-16 20:23:15,009 ] 23 root - INFO - F1 Score: 1.0, Precision Score: 1.0, Recall Score: 1.0, Accuracy Score: 1.0, Confusion Matrix: [[30946     0]
 [    0   736]], Classification Report:               precision    recall  f1-score   support

         0.0       1.00      1.00      1.00     30946
         1.0       1.00      1.00      1.00       736

    accuracy                           1.00     31682
   macro avg       1.00      1.00      1.00     31682
weighted avg       1.00      1.00      1.00     31682

[ 2025-07-16 20:23:25,072 ] 23 root - INFO - F1 Score: 0.9974683544303797, Precision Score: 0.9949494949494949, Recall Score: 1.0, Accuracy Score: 0.9998737533139755, Confusion Matrix: [[7723    1]
 [   0  197]], Classification Report:               precision    recall  f1-score   support

         0.0       1.00      1.00      1.00      7724
         1.0       0.99      1.00      1.00       197

    accuracy                           1.00      7921
   macro avg       1.00      1.00      1.00      7921
weighted avg       1.00      1.00      1.00      7921

[ 2025-07-16 20:23:30,999 ] 65 root - INFO - Entered the save_object method of MainUtils class
[ 2025-07-16 20:23:31,024 ] 69 root - INFO - Exited the save_object method of MainUtils class
[ 2025-07-16 20:23:31,024 ] 65 root - INFO - Entered the save_object method of MainUtils class
[ 2025-07-16 20:23:31,030 ] 69 root - INFO - Exited the save_object method of MainUtils class
[ 2025-07-16 20:23:31,030 ] 213 root - INFO - Model trainer artifact: ModelTrainerArtifact(trained_model_file_path='Artifacts\\07_16_2025_20_17_16\\model_trainer\\trained_model\\model.pkl', train_metric_artifact=ClassificationMetricArtifact(f1_score=1.0, precision_score=1.0, recall_score=1.0, accuracy_score=1.0, confusion_matrix=array([[30946,     0],
       [    0,   736]], dtype=int64), classification_report='              precision    recall  f1-score   support\n\n         0.0       1.00      1.00      1.00     30946\n         1.0       1.00      1.00      1.00       736\n\n    accuracy                           1.00     31682\n   macro avg       1.00      1.00      1.00     31682\nweighted avg       1.00      1.00      1.00     31682\n'), test_metric_artifact=ClassificationMetricArtifact(f1_score=0.9974683544303797, precision_score=0.9949494949494949, recall_score=1.0, accuracy_score=0.9998737533139755, confusion_matrix=array([[7723,    1],
       [   0,  197]], dtype=int64), classification_report='              precision    recall  f1-score   support\n\n         0.0       1.00      1.00      1.00      7724\n         1.0       0.99      1.00      1.00       197\n\n    accuracy                           1.00      7921\n   macro avg       1.00      1.00      1.00      7921\nweighted avg       1.00      1.00      1.00      7921\n'))
[ 2025-07-16 20:23:31,033 ] 243 root - INFO - Training the model completed successfully.
[ 2025-07-16 20:23:31,038 ] 43 root - INFO - Model training completed!
