[ 2025-07-16 17:07:25,319 ] 20 root - INFO - Data ingestion started...
[ 2025-07-16 17:07:29,436 ] 96 pymongo.serverSelection - INFO - {"message": "Waiting for suitable server to become available", "selector": "Primary()", "operation": "find", "topologyDescription": "<TopologyDescription id: 6877c031e4075ec4ef883705, topology_type: ReplicaSetNoPrimary, servers: [<ServerDescription ('ac-4xwvsju-shard-00-00.jf4afae.mongodb.net', 27017) server_type: Unknown, rtt: None>, <ServerDescription ('ac-4xwvsju-shard-00-01.jf4afae.mongodb.net', 27017) server_type: Unknown, rtt: None>, <ServerDescription ('ac-4xwvsju-shard-00-02.jf4afae.mongodb.net', 27017) server_type: Unknown, rtt: None>]>", "clientId": {"$oid": "6877c031e4075ec4ef883705"}, "remainingTimeMS": 30}
[ 2025-07-16 17:07:33,920 ] 74 root - INFO - Performed train test split on the dataframe...
[ 2025-07-16 17:07:33,920 ] 75 root - INFO - Train set shape: (31682, 77)
[ 2025-07-16 17:07:33,920 ] 76 root - INFO - Test set shape: (7921, 77)
[ 2025-07-16 17:07:33,920 ] 80 root - INFO - Exporting train and test file path...
[ 2025-07-16 17:07:34,580 ] 87 root - INFO - Exported train and test file path.
[ 2025-07-16 17:07:34,580 ] 22 root - INFO - Data ingestion completed
[ 2025-07-16 17:07:34,588 ] 27 root - INFO - Data validation started...
[ 2025-07-16 17:07:34,811 ] 46 root - INFO - Required number of columns: 2
[ 2025-07-16 17:07:34,811 ] 47 root - INFO - Data frame has columns: 77
[ 2025-07-16 17:07:34,811 ] 46 root - INFO - Required number of columns: 2
[ 2025-07-16 17:07:34,811 ] 47 root - INFO - Data frame has columns: 77
[ 2025-07-16 17:07:35,954 ] 29 root - INFO - Data validation completed
[ 2025-07-16 17:07:35,954 ] 34 root - INFO - Data transformation started...
[ 2025-07-16 17:07:35,954 ] 55 root - INFO - Entered initiate_data_transformation method of DataTransformation class
[ 2025-07-16 17:07:35,954 ] 57 root - INFO - Starting data transformation...
[ 2025-07-16 17:07:36,122 ] 65 root - INFO - Entered the save_object method of MainUtils class
[ 2025-07-16 17:07:36,138 ] 69 root - INFO - Exited the save_object method of MainUtils class
[ 2025-07-16 17:07:36,186 ] 45 root - INFO - Entered get_data_transformer_object method of Transformation class
[ 2025-07-16 17:07:36,186 ] 48 root - INFO - Initialise KNNImputer with {'missing_values': nan, 'n_neighbors': 3, 'weights': 'uniform'}
[ 2025-07-16 17:07:36,328 ] 65 root - INFO - Entered the save_object method of MainUtils class
[ 2025-07-16 17:07:36,344 ] 69 root - INFO - Exited the save_object method of MainUtils class
[ 2025-07-16 17:07:36,344 ] 65 root - INFO - Entered the save_object method of MainUtils class
[ 2025-07-16 17:07:36,360 ] 69 root - INFO - Exited the save_object method of MainUtils class
[ 2025-07-16 17:07:36,376 ] 36 root - INFO - Data transformation completed
[ 2025-07-16 17:07:36,376 ] 39 root - INFO - Model training started...
[ 2025-07-16 17:07:36,385 ] 221 root - INFO - Normalizing the data started...
[ 2025-07-16 17:07:36,411 ] 225 root - INFO - Normalization of data completed successfully.
[ 2025-07-16 17:07:36,415 ] 233 root - INFO - X_train: (31682, 76), y_train: (31682,), X_test: (7921, 76), y_test: (7921,)
[ 2025-07-16 17:07:36,415 ] 236 root - INFO - Training the model stated...
