[ 2025-07-16 14:59:19,897 ] 20 root - INFO - Data ingestion started...
[ 2025-07-16 14:59:24,023 ] 96 pymongo.serverSelection - INFO - {"message": "Waiting for suitable server to become available", "selector": "Primary()", "operation": "find", "topologyDescription": "<TopologyDescription id: 6877a22c819ad40b5cb2f34f, topology_type: ReplicaSetNoPrimary, servers: [<ServerDescription ('ac-4xwvsju-shard-00-00.jf4afae.mongodb.net', 27017) server_type: Unknown, rtt: None>, <ServerDescription ('ac-4xwvsju-shard-00-01.jf4afae.mongodb.net', 27017) server_type: Unknown, rtt: None>, <ServerDescription ('ac-4xwvsju-shard-00-02.jf4afae.mongodb.net', 27017) server_type: Unknown, rtt: None>]>", "clientId": {"$oid": "6877a22c819ad40b5cb2f34f"}, "remainingTimeMS": 30}
[ 2025-07-16 14:59:28,317 ] 74 root - INFO - Performed train test split on the dataframe...
[ 2025-07-16 14:59:28,317 ] 75 root - INFO - Train set shape: (31682, 77)
[ 2025-07-16 14:59:28,317 ] 76 root - INFO - Test set shape: (7921, 77)
[ 2025-07-16 14:59:28,333 ] 80 root - INFO - Exporting train and test file path...
[ 2025-07-16 14:59:28,979 ] 87 root - INFO - Exported train and test file path.
[ 2025-07-16 14:59:28,995 ] 22 root - INFO - Data ingestion completed
[ 2025-07-16 14:59:28,995 ] 27 root - INFO - Data validation started...
[ 2025-07-16 14:59:29,213 ] 46 root - INFO - Required number of columns: 2
[ 2025-07-16 14:59:29,213 ] 47 root - INFO - Data frame has columns: 77
[ 2025-07-16 14:59:29,213 ] 46 root - INFO - Required number of columns: 2
[ 2025-07-16 14:59:29,213 ] 47 root - INFO - Data frame has columns: 77
[ 2025-07-16 14:59:30,350 ] 29 root - INFO - Data validation completed
[ 2025-07-16 14:59:30,352 ] 34 root - INFO - Data transformation started...
[ 2025-07-16 14:59:30,352 ] 55 root - INFO - Entered initiate_data_transformation method of DataTransformation class
[ 2025-07-16 14:59:30,352 ] 57 root - INFO - Starting data transformation...
[ 2025-07-16 14:59:30,508 ] 65 root - INFO - Entered the save_object method of MainUtils class
[ 2025-07-16 14:59:30,508 ] 69 root - INFO - Exited the save_object method of MainUtils class
[ 2025-07-16 14:59:30,574 ] 45 root - INFO - Entered get_data_transformer_object method of Transformation class
[ 2025-07-16 14:59:30,574 ] 48 root - INFO - Initialise KNNImputer with {'missing_values': nan, 'n_neighbors': 3, 'weights': 'uniform'}
[ 2025-07-16 14:59:30,723 ] 65 root - INFO - Entered the save_object method of MainUtils class
[ 2025-07-16 14:59:30,754 ] 69 root - INFO - Exited the save_object method of MainUtils class
[ 2025-07-16 14:59:30,755 ] 65 root - INFO - Entered the save_object method of MainUtils class
[ 2025-07-16 14:59:30,774 ] 69 root - INFO - Exited the save_object method of MainUtils class
[ 2025-07-16 14:59:30,778 ] 36 root - INFO - Data transformation completed
[ 2025-07-16 14:59:30,778 ] 39 root - INFO - Model training started...
[ 2025-07-16 14:59:30,788 ] 206 root - INFO - Normalizing the data started...
[ 2025-07-16 14:59:30,809 ] 210 root - INFO - Normalization of data completed successfully.
[ 2025-07-16 14:59:30,814 ] 218 root - INFO - X_train: (31682, 76), y_train: (31682,), X_test: (7921, 76), y_test: (7921,)
[ 2025-07-16 14:59:30,815 ] 221 root - INFO - Training the model stated...
