[ 2025-07-16 16:59:39,197 ] 20 root - INFO - Data ingestion started...
[ 2025-07-16 16:59:43,332 ] 96 pymongo.serverSelection - INFO - {"message": "Waiting for suitable server to become available", "selector": "Primary()", "operation": "find", "topologyDescription": "<TopologyDescription id: 6877be5f679ba5dc0ca2abec, topology_type: ReplicaSetNoPrimary, servers: [<ServerDescription ('ac-4xwvsju-shard-00-00.jf4afae.mongodb.net', 27017) server_type: Unknown, rtt: None>, <ServerDescription ('ac-4xwvsju-shard-00-01.jf4afae.mongodb.net', 27017) server_type: Unknown, rtt: None>, <ServerDescription ('ac-4xwvsju-shard-00-02.jf4afae.mongodb.net', 27017) server_type: Unknown, rtt: None>]>", "clientId": {"$oid": "6877be5f679ba5dc0ca2abec"}, "remainingTimeMS": 30}
[ 2025-07-16 16:59:47,592 ] 74 root - INFO - Performed train test split on the dataframe...
[ 2025-07-16 16:59:47,592 ] 75 root - INFO - Train set shape: (31682, 77)
[ 2025-07-16 16:59:47,592 ] 76 root - INFO - Test set shape: (7921, 77)
[ 2025-07-16 16:59:47,593 ] 80 root - INFO - Exporting train and test file path...
[ 2025-07-16 16:59:48,274 ] 87 root - INFO - Exported train and test file path.
[ 2025-07-16 16:59:48,274 ] 22 root - INFO - Data ingestion completed
[ 2025-07-16 16:59:48,290 ] 27 root - INFO - Data validation started...
[ 2025-07-16 16:59:48,534 ] 46 root - INFO - Required number of columns: 2
[ 2025-07-16 16:59:48,534 ] 47 root - INFO - Data frame has columns: 77
[ 2025-07-16 16:59:48,534 ] 46 root - INFO - Required number of columns: 2
[ 2025-07-16 16:59:48,534 ] 47 root - INFO - Data frame has columns: 77
[ 2025-07-16 16:59:49,737 ] 29 root - INFO - Data validation completed
[ 2025-07-16 16:59:49,737 ] 34 root - INFO - Data transformation started...
[ 2025-07-16 16:59:49,737 ] 55 root - INFO - Entered initiate_data_transformation method of DataTransformation class
[ 2025-07-16 16:59:49,737 ] 57 root - INFO - Starting data transformation...
[ 2025-07-16 16:59:49,930 ] 65 root - INFO - Entered the save_object method of MainUtils class
[ 2025-07-16 16:59:49,930 ] 69 root - INFO - Exited the save_object method of MainUtils class
[ 2025-07-16 16:59:49,977 ] 45 root - INFO - Entered get_data_transformer_object method of Transformation class
[ 2025-07-16 16:59:49,977 ] 48 root - INFO - Initialise KNNImputer with {'missing_values': nan, 'n_neighbors': 3, 'weights': 'uniform'}
[ 2025-07-16 16:59:50,120 ] 65 root - INFO - Entered the save_object method of MainUtils class
[ 2025-07-16 16:59:50,135 ] 69 root - INFO - Exited the save_object method of MainUtils class
[ 2025-07-16 16:59:50,135 ] 65 root - INFO - Entered the save_object method of MainUtils class
[ 2025-07-16 16:59:50,151 ] 69 root - INFO - Exited the save_object method of MainUtils class
[ 2025-07-16 16:59:50,151 ] 36 root - INFO - Data transformation completed
[ 2025-07-16 16:59:50,151 ] 39 root - INFO - Model training started...
[ 2025-07-16 16:59:50,174 ] 216 root - INFO - Normalizing the data started...
[ 2025-07-16 16:59:50,194 ] 220 root - INFO - Normalization of data completed successfully.
[ 2025-07-16 16:59:50,200 ] 228 root - INFO - X_train: (31682, 76), y_train: (31682,), X_test: (7921, 76), y_test: (7921,)
[ 2025-07-16 16:59:50,200 ] 231 root - INFO - Training the model stated...
