[ 2025-07-16 18:23:49,408 ] 20 root - INFO - Data ingestion started...
[ 2025-07-16 18:23:53,518 ] 96 pymongo.serverSelection - INFO - {"message": "Waiting for suitable server to become available", "selector": "Primary()", "operation": "find", "topologyDescription": "<TopologyDescription id: 6877d2192a4c6d532cff0fd9, topology_type: ReplicaSetNoPrimary, servers: [<ServerDescription ('ac-4xwvsju-shard-00-00.jf4afae.mongodb.net', 27017) server_type: Unknown, rtt: None>, <ServerDescription ('ac-4xwvsju-shard-00-01.jf4afae.mongodb.net', 27017) server_type: Unknown, rtt: None>, <ServerDescription ('ac-4xwvsju-shard-00-02.jf4afae.mongodb.net', 27017) server_type: Unknown, rtt: None>]>", "clientId": {"$oid": "6877d2192a4c6d532cff0fd9"}, "remainingTimeMS": 30}
[ 2025-07-16 18:23:57,609 ] 74 root - INFO - Performed train test split on the dataframe...
[ 2025-07-16 18:23:57,609 ] 75 root - INFO - Train set shape: (31682, 77)
[ 2025-07-16 18:23:57,609 ] 76 root - INFO - Test set shape: (7921, 77)
[ 2025-07-16 18:23:57,609 ] 80 root - INFO - Exporting train and test file path...
[ 2025-07-16 18:23:58,227 ] 87 root - INFO - Exported train and test file path.
[ 2025-07-16 18:23:58,227 ] 22 root - INFO - Data ingestion completed
[ 2025-07-16 18:23:58,227 ] 27 root - INFO - Data validation started...
[ 2025-07-16 18:23:58,494 ] 46 root - INFO - Required number of columns: 2
[ 2025-07-16 18:23:58,494 ] 47 root - INFO - Data frame has columns: 77
[ 2025-07-16 18:23:58,494 ] 46 root - INFO - Required number of columns: 2
[ 2025-07-16 18:23:58,494 ] 47 root - INFO - Data frame has columns: 77
[ 2025-07-16 18:23:59,651 ] 29 root - INFO - Data validation completed
[ 2025-07-16 18:23:59,651 ] 34 root - INFO - Data transformation started...
[ 2025-07-16 18:23:59,651 ] 55 root - INFO - Entered initiate_data_transformation method of DataTransformation class
[ 2025-07-16 18:23:59,651 ] 57 root - INFO - Starting data transformation...
[ 2025-07-16 18:23:59,803 ] 65 root - INFO - Entered the save_object method of MainUtils class
[ 2025-07-16 18:23:59,819 ] 69 root - INFO - Exited the save_object method of MainUtils class
[ 2025-07-16 18:23:59,867 ] 45 root - INFO - Entered get_data_transformer_object method of Transformation class
[ 2025-07-16 18:23:59,867 ] 48 root - INFO - Initialise KNNImputer with {'missing_values': nan, 'n_neighbors': 3, 'weights': 'uniform'}
[ 2025-07-16 18:24:00,010 ] 65 root - INFO - Entered the save_object method of MainUtils class
[ 2025-07-16 18:24:00,026 ] 69 root - INFO - Exited the save_object method of MainUtils class
[ 2025-07-16 18:24:00,026 ] 65 root - INFO - Entered the save_object method of MainUtils class
[ 2025-07-16 18:24:00,042 ] 69 root - INFO - Exited the save_object method of MainUtils class
[ 2025-07-16 18:24:00,042 ] 36 root - INFO - Data transformation completed
[ 2025-07-16 18:24:00,042 ] 39 root - INFO - Model training started...
[ 2025-07-16 18:24:00,062 ] 243 root - INFO - Normalizing the data started...
[ 2025-07-16 18:24:00,078 ] 247 root - INFO - Normalization of data completed successfully.
[ 2025-07-16 18:24:00,088 ] 255 root - INFO - X_train: (31682, 76), y_train: (31682,), X_test: (7921, 76), y_test: (7921,)
[ 2025-07-16 18:24:00,088 ] 258 root - INFO - Training the model stated...
