[ 2025-07-16 13:35:37,268 ] 20 root - INFO - Data ingestion started...
[ 2025-07-16 13:35:41,385 ] 96 pymongo.serverSelection - INFO - {"message": "Waiting for suitable server to become available", "selector": "Primary()", "operation": "find", "topologyDescription": "<TopologyDescription id: 68778e8d3dda526b30d474a7, topology_type: ReplicaSetNoPrimary, servers: [<ServerDescription ('ac-4xwvsju-shard-00-00.jf4afae.mongodb.net', 27017) server_type: Unknown, rtt: None>, <ServerDescription ('ac-4xwvsju-shard-00-01.jf4afae.mongodb.net', 27017) server_type: Unknown, rtt: None>, <ServerDescription ('ac-4xwvsju-shard-00-02.jf4afae.mongodb.net', 27017) server_type: Unknown, rtt: None>]>", "clientId": {"$oid": "68778e8d3dda526b30d474a7"}, "remainingTimeMS": 30}
[ 2025-07-16 13:35:45,724 ] 74 root - INFO - Performed train test split on the dataframe...
[ 2025-07-16 13:35:45,724 ] 75 root - INFO - Train set shape: (31682, 77)
[ 2025-07-16 13:35:45,724 ] 76 root - INFO - Test set shape: (7921, 77)
[ 2025-07-16 13:35:45,724 ] 80 root - INFO - Exporting train and test file path...
[ 2025-07-16 13:35:46,425 ] 87 root - INFO - Exported train and test file path.
[ 2025-07-16 13:35:46,425 ] 22 root - INFO - Data ingestion completed
[ 2025-07-16 13:35:46,447 ] 27 root - INFO - Data validation started...
[ 2025-07-16 13:35:46,683 ] 46 root - INFO - Required number of columns: 2
[ 2025-07-16 13:35:46,683 ] 47 root - INFO - Data frame has columns: 77
[ 2025-07-16 13:35:46,683 ] 46 root - INFO - Required number of columns: 2
[ 2025-07-16 13:35:46,683 ] 47 root - INFO - Data frame has columns: 77
[ 2025-07-16 13:35:48,256 ] 29 root - INFO - Data validation completed
[ 2025-07-16 13:35:48,256 ] 34 root - INFO - Data transformation started...
[ 2025-07-16 13:35:48,256 ] 55 root - INFO - Entered initiate_data_transformation method of DataTransformation class
[ 2025-07-16 13:35:48,256 ] 57 root - INFO - Starting data transformation...
[ 2025-07-16 13:35:48,430 ] 65 root - INFO - Entered the save_object method of MainUtils class
[ 2025-07-16 13:35:48,432 ] 69 root - INFO - Exited the save_object method of MainUtils class
[ 2025-07-16 13:35:48,497 ] 45 root - INFO - Entered get_data_transformer_object method of Transformation class
[ 2025-07-16 13:35:48,497 ] 48 root - INFO - Initialise KNNImputer with {'missing_values': nan, 'n_neighbors': 3, 'weights': 'uniform'}
[ 2025-07-16 13:35:48,699 ] 65 root - INFO - Entered the save_object method of MainUtils class
[ 2025-07-16 13:35:48,731 ] 69 root - INFO - Exited the save_object method of MainUtils class
[ 2025-07-16 13:35:48,731 ] 65 root - INFO - Entered the save_object method of MainUtils class
[ 2025-07-16 13:35:48,763 ] 69 root - INFO - Exited the save_object method of MainUtils class
[ 2025-07-16 13:35:48,780 ] 36 root - INFO - Data transformation completed
[ 2025-07-16 13:35:48,781 ] 39 root - INFO - Model training started...
[ 2025-07-16 13:35:48,802 ] 195 root - INFO - Normalizing the data started...
[ 2025-07-16 13:35:48,840 ] 199 root - INFO - Normalization of data completed successfully.
[ 2025-07-16 13:35:48,850 ] 207 root - INFO - X_train: (31682, 76), y_train: (31682,), X_test: (7921, 76), y_test: (7921,)
[ 2025-07-16 13:35:48,851 ] 210 root - INFO - Training the model stated...
