[ 2025-07-16 19:18:01,400 ] 20 root - INFO - Data ingestion started...
[ 2025-07-16 19:18:05,487 ] 96 pymongo.serverSelection - INFO - {"message": "Waiting for suitable server to become available", "selector": "Primary()", "operation": "find", "topologyDescription": "<TopologyDescription id: 6877decd3a7292b557482d5c, topology_type: ReplicaSetNoPrimary, servers: [<ServerDescription ('ac-4xwvsju-shard-00-00.jf4afae.mongodb.net', 27017) server_type: Unknown, rtt: None>, <ServerDescription ('ac-4xwvsju-shard-00-01.jf4afae.mongodb.net', 27017) server_type: Unknown, rtt: None>, <ServerDescription ('ac-4xwvsju-shard-00-02.jf4afae.mongodb.net', 27017) server_type: Unknown, rtt: None>]>", "clientId": {"$oid": "6877decd3a7292b557482d5c"}, "remainingTimeMS": 30}
[ 2025-07-16 19:18:09,830 ] 74 root - INFO - Performed train test split on the dataframe...
[ 2025-07-16 19:18:09,830 ] 75 root - INFO - Train set shape: (31682, 77)
[ 2025-07-16 19:18:09,830 ] 76 root - INFO - Test set shape: (7921, 77)
[ 2025-07-16 19:18:09,832 ] 80 root - INFO - Exporting train and test file path...
[ 2025-07-16 19:18:10,450 ] 87 root - INFO - Exported train and test file path.
[ 2025-07-16 19:18:10,450 ] 22 root - INFO - Data ingestion completed
[ 2025-07-16 19:18:10,459 ] 27 root - INFO - Data validation started...
[ 2025-07-16 19:18:10,669 ] 46 root - INFO - Required number of columns: 2
[ 2025-07-16 19:18:10,669 ] 47 root - INFO - Data frame has columns: 77
[ 2025-07-16 19:18:10,669 ] 46 root - INFO - Required number of columns: 2
[ 2025-07-16 19:18:10,669 ] 47 root - INFO - Data frame has columns: 77
[ 2025-07-16 19:18:11,815 ] 29 root - INFO - Data validation completed
[ 2025-07-16 19:18:11,815 ] 34 root - INFO - Data transformation started...
[ 2025-07-16 19:18:11,815 ] 55 root - INFO - Entered initiate_data_transformation method of DataTransformation class
[ 2025-07-16 19:18:11,815 ] 57 root - INFO - Starting data transformation...
[ 2025-07-16 19:18:12,001 ] 65 root - INFO - Entered the save_object method of MainUtils class
[ 2025-07-16 19:18:12,001 ] 69 root - INFO - Exited the save_object method of MainUtils class
[ 2025-07-16 19:18:12,049 ] 45 root - INFO - Entered get_data_transformer_object method of Transformation class
[ 2025-07-16 19:18:12,049 ] 48 root - INFO - Initialise KNNImputer with {'missing_values': nan, 'n_neighbors': 3, 'weights': 'uniform'}
[ 2025-07-16 19:18:12,209 ] 65 root - INFO - Entered the save_object method of MainUtils class
[ 2025-07-16 19:18:12,224 ] 69 root - INFO - Exited the save_object method of MainUtils class
[ 2025-07-16 19:18:12,224 ] 65 root - INFO - Entered the save_object method of MainUtils class
[ 2025-07-16 19:18:12,240 ] 69 root - INFO - Exited the save_object method of MainUtils class
[ 2025-07-16 19:18:12,248 ] 36 root - INFO - Data transformation completed
[ 2025-07-16 19:18:12,248 ] 39 root - INFO - Model training started...
[ 2025-07-16 19:18:12,258 ] 232 root - INFO - Normalizing the data started...
[ 2025-07-16 19:18:12,282 ] 236 root - INFO - Normalization of data completed successfully.
[ 2025-07-16 19:18:12,286 ] 244 root - INFO - X_train: (31682, 76), y_train: (31682,), X_test: (7921, 76), y_test: (7921,)
[ 2025-07-16 19:18:12,286 ] 247 root - INFO - Training the model stated...
[ 2025-07-16 19:18:12,286 ] 178 root - INFO - Evaluating models...
