[ 2025-07-15 23:31:51,355 ] 160 numexpr.utils - INFO - NumExpr defaulting to 8 threads.
[ 2025-07-15 23:32:03,172 ] 20 root - INFO - Data ingestion started...
[ 2025-07-15 23:32:12,551 ] 74 root - INFO - Performed train test split on the dataframe...
[ 2025-07-15 23:32:12,551 ] 75 root - INFO - Train set shape: (31682, 77)
[ 2025-07-15 23:32:12,551 ] 76 root - INFO - Test set shape: (7921, 77)
[ 2025-07-15 23:32:12,551 ] 80 root - INFO - Exporting train and test file path...
[ 2025-07-15 23:32:13,805 ] 87 root - INFO - Exported train and test file path.
[ 2025-07-15 23:32:13,805 ] 22 root - INFO - Data ingestion completed
[ 2025-07-15 23:32:13,830 ] 27 root - INFO - Data validation started...
[ 2025-07-15 23:32:14,331 ] 46 root - INFO - Required number of columns: 2
[ 2025-07-15 23:32:14,331 ] 47 root - INFO - Data frame has columns: 77
[ 2025-07-15 23:32:14,331 ] 46 root - INFO - Required number of columns: 2
[ 2025-07-15 23:32:14,331 ] 47 root - INFO - Data frame has columns: 77
[ 2025-07-15 23:32:16,124 ] 29 root - INFO - Data validation completed
[ 2025-07-15 23:32:16,124 ] 34 root - INFO - Data transformation started...
[ 2025-07-15 23:32:16,124 ] 55 root - INFO - Entered initiate_data_transformation method of DataTransformation class
[ 2025-07-15 23:32:16,124 ] 57 root - INFO - Starting data transformation...
[ 2025-07-15 23:32:16,505 ] 45 root - INFO - Entered get_data_transformer_object method of Transformation class
[ 2025-07-15 23:32:16,505 ] 48 root - INFO - Initialise KNNImputer with {'missing_values': nan, 'n_neighbors': 3, 'weights': 'uniform'}
[ 2025-07-15 23:32:16,656 ] 65 root - INFO - Entered the save_object method of MainUtils class
[ 2025-07-15 23:32:16,682 ] 69 root - INFO - Exited the save_object method of MainUtils class
[ 2025-07-15 23:32:16,682 ] 65 root - INFO - Entered the save_object method of MainUtils class
[ 2025-07-15 23:32:16,714 ] 69 root - INFO - Exited the save_object method of MainUtils class
[ 2025-07-15 23:32:16,719 ] 36 root - INFO - Data transformation completed
[ 2025-07-15 23:32:16,719 ] 39 root - INFO - Model training started...
[ 2025-07-15 23:32:16,735 ] 176 root - INFO - Normalizing the data started...
[ 2025-07-15 23:32:16,748 ] 180 root - INFO - Normalization of data completed successfully.
