[ 2025-07-16 00:04:18,735 ] 160 numexpr.utils - INFO - NumExpr defaulting to 8 threads.
[ 2025-07-16 00:04:24,872 ] 20 root - INFO - Data ingestion started...
[ 2025-07-16 00:04:37,563 ] 74 root - INFO - Performed train test split on the dataframe...
[ 2025-07-16 00:04:37,563 ] 75 root - INFO - Train set shape: (31682, 77)
[ 2025-07-16 00:04:37,563 ] 76 root - INFO - Test set shape: (7921, 77)
[ 2025-07-16 00:04:37,563 ] 80 root - INFO - Exporting train and test file path...
[ 2025-07-16 00:04:38,174 ] 87 root - INFO - Exported train and test file path.
[ 2025-07-16 00:04:38,174 ] 22 root - INFO - Data ingestion completed
[ 2025-07-16 00:04:38,192 ] 27 root - INFO - Data validation started...
[ 2025-07-16 00:04:38,494 ] 46 root - INFO - Required number of columns: 2
[ 2025-07-16 00:04:38,494 ] 47 root - INFO - Data frame has columns: 77
[ 2025-07-16 00:04:38,494 ] 46 root - INFO - Required number of columns: 2
[ 2025-07-16 00:04:38,494 ] 47 root - INFO - Data frame has columns: 77
[ 2025-07-16 00:04:40,364 ] 29 root - INFO - Data validation completed
[ 2025-07-16 00:04:40,364 ] 34 root - INFO - Data transformation started...
[ 2025-07-16 00:04:40,364 ] 55 root - INFO - Entered initiate_data_transformation method of DataTransformation class
[ 2025-07-16 00:04:40,364 ] 57 root - INFO - Starting data transformation...
[ 2025-07-16 00:04:40,525 ] 65 root - INFO - Entered the save_object method of MainUtils class
[ 2025-07-16 00:04:40,525 ] 69 root - INFO - Exited the save_object method of MainUtils class
[ 2025-07-16 00:04:40,594 ] 45 root - INFO - Entered get_data_transformer_object method of Transformation class
[ 2025-07-16 00:04:40,594 ] 48 root - INFO - Initialise KNNImputer with {'missing_values': nan, 'n_neighbors': 3, 'weights': 'uniform'}
[ 2025-07-16 00:04:40,769 ] 65 root - INFO - Entered the save_object method of MainUtils class
[ 2025-07-16 00:04:40,793 ] 69 root - INFO - Exited the save_object method of MainUtils class
[ 2025-07-16 00:04:40,793 ] 65 root - INFO - Entered the save_object method of MainUtils class
[ 2025-07-16 00:04:40,808 ] 69 root - INFO - Exited the save_object method of MainUtils class
[ 2025-07-16 00:04:40,818 ] 36 root - INFO - Data transformation completed
[ 2025-07-16 00:04:40,822 ] 39 root - INFO - Model training started...
