[ 2025-07-16 14:15:31,313 ] 20 root - INFO - Data ingestion started...
[ 2025-07-16 14:15:35,529 ] 96 pymongo.serverSelection - INFO - {"message": "Waiting for suitable server to become available", "selector": "Primary()", "operation": "find", "topologyDescription": "<TopologyDescription id: 687797e75f1742ef71202a48, topology_type: ReplicaSetNoPrimary, servers: [<ServerDescription ('ac-4xwvsju-shard-00-00.jf4afae.mongodb.net', 27017) server_type: Unknown, rtt: None>, <ServerDescription ('ac-4xwvsju-shard-00-01.jf4afae.mongodb.net', 27017) server_type: Unknown, rtt: None>, <ServerDescription ('ac-4xwvsju-shard-00-02.jf4afae.mongodb.net', 27017) server_type: Unknown, rtt: None>]>", "clientId": {"$oid": "687797e75f1742ef71202a48"}, "remainingTimeMS": 30}
[ 2025-07-16 14:15:41,095 ] 74 root - INFO - Performed train test split on the dataframe...
[ 2025-07-16 14:15:41,095 ] 75 root - INFO - Train set shape: (31682, 77)
[ 2025-07-16 14:15:41,095 ] 76 root - INFO - Test set shape: (7921, 77)
[ 2025-07-16 14:15:41,095 ] 80 root - INFO - Exporting train and test file path...
[ 2025-07-16 14:15:41,710 ] 87 root - INFO - Exported train and test file path.
[ 2025-07-16 14:15:41,710 ] 22 root - INFO - Data ingestion completed
[ 2025-07-16 14:15:41,726 ] 27 root - INFO - Data validation started...
[ 2025-07-16 14:15:42,022 ] 46 root - INFO - Required number of columns: 2
[ 2025-07-16 14:15:42,022 ] 47 root - INFO - Data frame has columns: 77
[ 2025-07-16 14:15:42,022 ] 46 root - INFO - Required number of columns: 2
[ 2025-07-16 14:15:42,022 ] 47 root - INFO - Data frame has columns: 77
[ 2025-07-16 14:15:43,214 ] 29 root - INFO - Data validation completed
[ 2025-07-16 14:15:43,214 ] 34 root - INFO - Data transformation started...
[ 2025-07-16 14:15:43,214 ] 55 root - INFO - Entered initiate_data_transformation method of DataTransformation class
[ 2025-07-16 14:15:43,214 ] 57 root - INFO - Starting data transformation...
[ 2025-07-16 14:15:43,379 ] 65 root - INFO - Entered the save_object method of MainUtils class
[ 2025-07-16 14:15:43,379 ] 69 root - INFO - Exited the save_object method of MainUtils class
[ 2025-07-16 14:15:43,444 ] 45 root - INFO - Entered get_data_transformer_object method of Transformation class
[ 2025-07-16 14:15:43,444 ] 48 root - INFO - Initialise KNNImputer with {'missing_values': nan, 'n_neighbors': 3, 'weights': 'uniform'}
[ 2025-07-16 14:15:43,600 ] 65 root - INFO - Entered the save_object method of MainUtils class
[ 2025-07-16 14:15:43,617 ] 69 root - INFO - Exited the save_object method of MainUtils class
[ 2025-07-16 14:15:43,617 ] 65 root - INFO - Entered the save_object method of MainUtils class
[ 2025-07-16 14:15:43,638 ] 69 root - INFO - Exited the save_object method of MainUtils class
[ 2025-07-16 14:15:43,642 ] 36 root - INFO - Data transformation completed
[ 2025-07-16 14:15:43,642 ] 39 root - INFO - Model training started...
[ 2025-07-16 14:15:43,653 ] 200 root - INFO - Normalizing the data started...
[ 2025-07-16 14:15:43,667 ] 204 root - INFO - Normalization of data completed successfully.
[ 2025-07-16 14:15:43,679 ] 212 root - INFO - X_train: (31682, 76), y_train: (31682,), X_test: (7921, 76), y_test: (7921,)
[ 2025-07-16 14:15:43,680 ] 215 root - INFO - Training the model stated...
